GAS LISTING C:\Users\ANDRLU~1\AppData\Local\Temp\ccSHnMeP.s 			page 1


   1               		.file	"int0.cpp"
   2               	__SP_H__ = 0x3e
   3               	__SP_L__ = 0x3d
   4               	__SREG__ = 0x3f
   5               	__tmp_reg__ = 0
   6               	__zero_reg__ = 1
   7               		.text
   8               		.section	.text._Z7getTickv,"ax",@progbits
   9               		.weak	_Z7getTickv
  11               	_Z7getTickv:
  12               	/* prologue: function */
  13               	/* frame size = 0 */
  14               	/* stack size = 0 */
  15               	.L__stack_usage = 0
  16 0000 60E0      		ldi r22,0
  17 0002 70E0      		ldi r23,0
  18 0004 CB01      		movw r24,r22
  19               	/* epilogue start */
  20 0006 0895      		ret
  22               		.section	.text._ZN4Int0C2Ev,"ax",@progbits
  23               	.global	_ZN4Int0C2Ev
  25               	_ZN4Int0C2Ev:
  26               	/* prologue: function */
  27               	/* frame size = 0 */
  28               	/* stack size = 0 */
  29               	.L__stack_usage = 0
  30 0000 E82F      		mov r30,r24
  31 0002 F92F      		mov r31,r25
  32 0004 1182      		std Z+1,__zero_reg__
  33 0006 8081      		ld r24,Z
  34 0008 8E7F      		andi r24,lo8(~(1<<0))
  35 000a 8083      		st Z,r24
  36 000c 1382      		std Z+3,__zero_reg__
  37 000e 1282      		std Z+2,__zero_reg__
  38               	/* epilogue start */
  39 0010 0895      		ret
  41               	.global	_ZN4Int0C1Ev
  42               		.set	_ZN4Int0C1Ev,_ZN4Int0C2Ev
  43               		.section	.text._ZN4Int0D2Ev,"ax",@progbits
  44               	.global	_ZN4Int0D2Ev
  46               	_ZN4Int0D2Ev:
  47               	/* prologue: function */
  48               	/* frame size = 0 */
  49               	/* stack size = 0 */
  50               	.L__stack_usage = 0
  51               	/* epilogue start */
  52 0000 0895      		ret
  54               	.global	_ZN4Int0D1Ev
  55               		.set	_ZN4Int0D1Ev,_ZN4Int0D2Ev
  56               		.section	.text._ZN4Int04initENS_9SenseModeE,"ax",@progbits
  57               	.global	_ZN4Int04initENS_9SenseModeE
  59               	_ZN4Int04initENS_9SenseModeE:
  60               	/* prologue: function */
  61               	/* frame size = 0 */
  62               	/* stack size = 0 */
  63               	.L__stack_usage = 0
  64 0000 E82F      		mov r30,r24
GAS LISTING C:\Users\ANDRLU~1\AppData\Local\Temp\ccSHnMeP.s 			page 2


  65 0002 F92F      		mov r31,r25
  66 0004 A9E6      		ldi r26,lo8(105)
  67 0006 B0E0      		ldi r27,0
  68 0008 8C91      		ld r24,X
  69 000a 8C7F      		andi r24,lo8(-4)
  70 000c 862B      		or r24,r22
  71 000e 8C93      		st X,r24
  72 0010 6183      		std Z+1,r22
  73 0012 8081      		ld r24,Z
  74 0014 8160      		ori r24,lo8(1<<0)
  75 0016 8083      		st Z,r24
  76 0018 1382      		std Z+3,__zero_reg__
  77 001a 1282      		std Z+2,__zero_reg__
  78 001c 81E0      		ldi r24,lo8(1)
  79               	/* epilogue start */
  80 001e 0895      		ret
  82               		.section	.text._ZN4Int012setSenseModeENS_9SenseModeE,"ax",@progbits
  83               	.global	_ZN4Int012setSenseModeENS_9SenseModeE
  85               	_ZN4Int012setSenseModeENS_9SenseModeE:
  86               	/* prologue: function */
  87               	/* frame size = 0 */
  88               	/* stack size = 0 */
  89               	.L__stack_usage = 0
  90 0000 E82F      		mov r30,r24
  91 0002 F92F      		mov r31,r25
  92 0004 A9E6      		ldi r26,lo8(105)
  93 0006 B0E0      		ldi r27,0
  94 0008 8C91      		ld r24,X
  95 000a 8C7F      		andi r24,lo8(-4)
  96 000c 862B      		or r24,r22
  97 000e 8C93      		st X,r24
  98 0010 6183      		std Z+1,r22
  99 0012 1382      		std Z+3,__zero_reg__
 100 0014 1282      		std Z+2,__zero_reg__
 101 0016 81E0      		ldi r24,lo8(1)
 102               	/* epilogue start */
 103 0018 0895      		ret
 105               		.section	.text._ZN4Int012getLastErrorEv,"ax",@progbits
 106               	.global	_ZN4Int012getLastErrorEv
 108               	_ZN4Int012getLastErrorEv:
 109               	/* prologue: function */
 110               	/* frame size = 0 */
 111               	/* stack size = 0 */
 112               	.L__stack_usage = 0
 113 0000 FC01      		movw r30,r24
 114 0002 8281      		ldd r24,Z+2
 115 0004 9381      		ldd r25,Z+3
 116               	/* epilogue start */
 117 0006 0895      		ret
 119               		.section	.text._Z21int0InterruptCallbackv,"ax",@progbits
 120               		.weak	_Z21int0InterruptCallbackv
 122               	_Z21int0InterruptCallbackv:
 123               	/* prologue: function */
 124               	/* frame size = 0 */
 125               	/* stack size = 0 */
 126               	.L__stack_usage = 0
 127               	/* epilogue start */
GAS LISTING C:\Users\ANDRLU~1\AppData\Local\Temp\ccSHnMeP.s 			page 3


 128 0000 0895      		ret
 130               		.section	.text.__vector_1,"ax",@progbits
 131               	.global	__vector_1
 133               	__vector_1:
 134 0000 1F92      		push r1
 135 0002 0F92      		push r0
 136 0004 0FB6      		in r0,__SREG__
 137 0006 0F92      		push r0
 138 0008 1124      		clr __zero_reg__
 139 000a 2F93      		push r18
 140 000c 3F93      		push r19
 141 000e 4F93      		push r20
 142 0010 5F93      		push r21
 143 0012 6F93      		push r22
 144 0014 7F93      		push r23
 145 0016 8F93      		push r24
 146 0018 9F93      		push r25
 147 001a AF93      		push r26
 148 001c BF93      		push r27
 149 001e EF93      		push r30
 150 0020 FF93      		push r31
 151               	/* prologue: Signal */
 152               	/* frame size = 0 */
 153               	/* stack size = 15 */
 154               	.L__stack_usage = 15
 155 0022 0E94 0000 		call _Z21int0InterruptCallbackv
 156               	/* epilogue start */
 157 0026 FF91      		pop r31
 158 0028 EF91      		pop r30
 159 002a BF91      		pop r27
 160 002c AF91      		pop r26
 161 002e 9F91      		pop r25
 162 0030 8F91      		pop r24
 163 0032 7F91      		pop r23
 164 0034 6F91      		pop r22
 165 0036 5F91      		pop r21
 166 0038 4F91      		pop r20
 167 003a 3F91      		pop r19
 168 003c 2F91      		pop r18
 169 003e 0F90      		pop r0
 170 0040 0FBE      		out __SREG__,r0
 171 0042 0F90      		pop r0
 172 0044 1F90      		pop r1
 173 0046 1895      		reti
 175               		.section	.text._GLOBAL__sub_I_int0,"ax",@progbits
 177               	_GLOBAL__sub_I_int0:
 178               	/* prologue: function */
 179               	/* frame size = 0 */
 180               	/* stack size = 0 */
 181               	.L__stack_usage = 0
 182 0000 80E0      		ldi r24,lo8(int0)
 183 0002 90E0      		ldi r25,hi8(int0)
 184 0004 0E94 0000 		call _ZN4Int0C1Ev
 185               	/* epilogue start */
 186 0008 0895      		ret
 188               		.global __do_global_ctors
 189               		.section .ctors,"a",@progbits
GAS LISTING C:\Users\ANDRLU~1\AppData\Local\Temp\ccSHnMeP.s 			page 4


 190               		.p2align	1
 191 0000 0000      		.word	gs(_GLOBAL__sub_I_int0)
 192               	.global	int0
 193               		.section	.bss.int0,"aw",@nobits
 196               	int0:
 197 0000 0000 0000 		.zero	4
 198               		.ident	"GCC: (GNU) 12.1.0"
 199               	.global __do_clear_bss
GAS LISTING C:\Users\ANDRLU~1\AppData\Local\Temp\ccSHnMeP.s 			page 5


DEFINED SYMBOLS
                            *ABS*:0000000000000000 int0.cpp
C:\Users\ANDRLU~1\AppData\Local\Temp\ccSHnMeP.s:2      *ABS*:000000000000003e __SP_H__
C:\Users\ANDRLU~1\AppData\Local\Temp\ccSHnMeP.s:3      *ABS*:000000000000003d __SP_L__
C:\Users\ANDRLU~1\AppData\Local\Temp\ccSHnMeP.s:4      *ABS*:000000000000003f __SREG__
C:\Users\ANDRLU~1\AppData\Local\Temp\ccSHnMeP.s:5      *ABS*:0000000000000000 __tmp_reg__
C:\Users\ANDRLU~1\AppData\Local\Temp\ccSHnMeP.s:6      *ABS*:0000000000000001 __zero_reg__
C:\Users\ANDRLU~1\AppData\Local\Temp\ccSHnMeP.s:11     .text._Z7getTickv:0000000000000000 _Z7getTickv
C:\Users\ANDRLU~1\AppData\Local\Temp\ccSHnMeP.s:25     .text._ZN4Int0C2Ev:0000000000000000 _ZN4Int0C2Ev
C:\Users\ANDRLU~1\AppData\Local\Temp\ccSHnMeP.s:25     .text._ZN4Int0C2Ev:0000000000000000 _ZN4Int0C1Ev
C:\Users\ANDRLU~1\AppData\Local\Temp\ccSHnMeP.s:46     .text._ZN4Int0D2Ev:0000000000000000 _ZN4Int0D2Ev
C:\Users\ANDRLU~1\AppData\Local\Temp\ccSHnMeP.s:46     .text._ZN4Int0D2Ev:0000000000000000 _ZN4Int0D1Ev
C:\Users\ANDRLU~1\AppData\Local\Temp\ccSHnMeP.s:59     .text._ZN4Int04initENS_9SenseModeE:0000000000000000 _ZN4Int04initENS_9SenseModeE
C:\Users\ANDRLU~1\AppData\Local\Temp\ccSHnMeP.s:85     .text._ZN4Int012setSenseModeENS_9SenseModeE:0000000000000000 _ZN4Int012setSenseModeENS_9SenseModeE
C:\Users\ANDRLU~1\AppData\Local\Temp\ccSHnMeP.s:108    .text._ZN4Int012getLastErrorEv:0000000000000000 _ZN4Int012getLastErrorEv
C:\Users\ANDRLU~1\AppData\Local\Temp\ccSHnMeP.s:122    .text._Z21int0InterruptCallbackv:0000000000000000 _Z21int0InterruptCallbackv
C:\Users\ANDRLU~1\AppData\Local\Temp\ccSHnMeP.s:133    .text.__vector_1:0000000000000000 __vector_1
C:\Users\ANDRLU~1\AppData\Local\Temp\ccSHnMeP.s:177    .text._GLOBAL__sub_I_int0:0000000000000000 _GLOBAL__sub_I_int0
C:\Users\ANDRLU~1\AppData\Local\Temp\ccSHnMeP.s:196    .bss.int0:0000000000000000 int0

UNDEFINED SYMBOLS
__do_global_ctors
__do_clear_bss
