GAS LISTING C:\Users\ANDRLU~1\AppData\Local\Temp\ccCcj1Se.s 			page 1


   1               		.file	"int1.cpp"
   2               	__SP_H__ = 0x3e
   3               	__SP_L__ = 0x3d
   4               	__SREG__ = 0x3f
   5               	__tmp_reg__ = 0
   6               	__zero_reg__ = 1
   7               		.text
   8               		.section	.text._Z7getTickv,"ax",@progbits
   9               		.weak	_Z7getTickv
  11               	_Z7getTickv:
  12               	/* prologue: function */
  13               	/* frame size = 0 */
  14               	/* stack size = 0 */
  15               	.L__stack_usage = 0
  16 0000 60E0      		ldi r22,0
  17 0002 70E0      		ldi r23,0
  18 0004 CB01      		movw r24,r22
  19               	/* epilogue start */
  20 0006 0895      		ret
  22               		.section	.text._ZN4Int1C2Ev,"ax",@progbits
  23               	.global	_ZN4Int1C2Ev
  25               	_ZN4Int1C2Ev:
  26               	/* prologue: function */
  27               	/* frame size = 0 */
  28               	/* stack size = 0 */
  29               	.L__stack_usage = 0
  30 0000 E82F      		mov r30,r24
  31 0002 F92F      		mov r31,r25
  32 0004 1182      		std Z+1,__zero_reg__
  33 0006 8081      		ld r24,Z
  34 0008 8E7F      		andi r24,lo8(~(1<<0))
  35 000a 8083      		st Z,r24
  36 000c 1382      		std Z+3,__zero_reg__
  37 000e 1282      		std Z+2,__zero_reg__
  38               	/* epilogue start */
  39 0010 0895      		ret
  41               	.global	_ZN4Int1C1Ev
  42               		.set	_ZN4Int1C1Ev,_ZN4Int1C2Ev
  43               		.section	.text._ZN4Int1D2Ev,"ax",@progbits
  44               	.global	_ZN4Int1D2Ev
  46               	_ZN4Int1D2Ev:
  47               	/* prologue: function */
  48               	/* frame size = 0 */
  49               	/* stack size = 0 */
  50               	.L__stack_usage = 0
  51               	/* epilogue start */
  52 0000 0895      		ret
  54               	.global	_ZN4Int1D1Ev
  55               		.set	_ZN4Int1D1Ev,_ZN4Int1D2Ev
  56               		.section	.text._ZN4Int14initENS_9SenseModeE,"ax",@progbits
  57               	.global	_ZN4Int14initENS_9SenseModeE
  59               	_ZN4Int14initENS_9SenseModeE:
  60               	/* prologue: function */
  61               	/* frame size = 0 */
  62               	/* stack size = 0 */
  63               	.L__stack_usage = 0
  64 0000 E82F      		mov r30,r24
GAS LISTING C:\Users\ANDRLU~1\AppData\Local\Temp\ccCcj1Se.s 			page 2


  65 0002 F92F      		mov r31,r25
  66 0004 A9E6      		ldi r26,lo8(105)
  67 0006 B0E0      		ldi r27,0
  68 0008 9C91      		ld r25,X
  69 000a 862F      		mov r24,r22
  70 000c 880F      		lsl r24
  71 000e 880F      		lsl r24
  72 0010 937F      		andi r25,lo8(-13)
  73 0012 892B      		or r24,r25
  74 0014 8C93      		st X,r24
  75 0016 6183      		std Z+1,r22
  76 0018 8081      		ld r24,Z
  77 001a 8160      		ori r24,lo8(1<<0)
  78 001c 8083      		st Z,r24
  79 001e 1382      		std Z+3,__zero_reg__
  80 0020 1282      		std Z+2,__zero_reg__
  81 0022 81E0      		ldi r24,lo8(1)
  82               	/* epilogue start */
  83 0024 0895      		ret
  85               		.section	.text._ZN4Int112setSenseModeENS_9SenseModeE,"ax",@progbits
  86               	.global	_ZN4Int112setSenseModeENS_9SenseModeE
  88               	_ZN4Int112setSenseModeENS_9SenseModeE:
  89               	/* prologue: function */
  90               	/* frame size = 0 */
  91               	/* stack size = 0 */
  92               	.L__stack_usage = 0
  93 0000 E82F      		mov r30,r24
  94 0002 F92F      		mov r31,r25
  95 0004 A9E6      		ldi r26,lo8(105)
  96 0006 B0E0      		ldi r27,0
  97 0008 9C91      		ld r25,X
  98 000a 862F      		mov r24,r22
  99 000c 880F      		lsl r24
 100 000e 880F      		lsl r24
 101 0010 937F      		andi r25,lo8(-13)
 102 0012 892B      		or r24,r25
 103 0014 8C93      		st X,r24
 104 0016 6183      		std Z+1,r22
 105 0018 1382      		std Z+3,__zero_reg__
 106 001a 1282      		std Z+2,__zero_reg__
 107 001c 81E0      		ldi r24,lo8(1)
 108               	/* epilogue start */
 109 001e 0895      		ret
 111               		.section	.text._ZN4Int112getLastErrorEv,"ax",@progbits
 112               	.global	_ZN4Int112getLastErrorEv
 114               	_ZN4Int112getLastErrorEv:
 115               	/* prologue: function */
 116               	/* frame size = 0 */
 117               	/* stack size = 0 */
 118               	.L__stack_usage = 0
 119 0000 FC01      		movw r30,r24
 120 0002 8281      		ldd r24,Z+2
 121 0004 9381      		ldd r25,Z+3
 122               	/* epilogue start */
 123 0006 0895      		ret
 125               		.section	.text._Z21int1InterruptCallbackv,"ax",@progbits
 126               		.weak	_Z21int1InterruptCallbackv
GAS LISTING C:\Users\ANDRLU~1\AppData\Local\Temp\ccCcj1Se.s 			page 3


 128               	_Z21int1InterruptCallbackv:
 129               	/* prologue: function */
 130               	/* frame size = 0 */
 131               	/* stack size = 0 */
 132               	.L__stack_usage = 0
 133               	/* epilogue start */
 134 0000 0895      		ret
 136               		.section	.text.__vector_2,"ax",@progbits
 137               	.global	__vector_2
 139               	__vector_2:
 140 0000 1F92      		push r1
 141 0002 0F92      		push r0
 142 0004 0FB6      		in r0,__SREG__
 143 0006 0F92      		push r0
 144 0008 1124      		clr __zero_reg__
 145 000a 2F93      		push r18
 146 000c 3F93      		push r19
 147 000e 4F93      		push r20
 148 0010 5F93      		push r21
 149 0012 6F93      		push r22
 150 0014 7F93      		push r23
 151 0016 8F93      		push r24
 152 0018 9F93      		push r25
 153 001a AF93      		push r26
 154 001c BF93      		push r27
 155 001e EF93      		push r30
 156 0020 FF93      		push r31
 157               	/* prologue: Signal */
 158               	/* frame size = 0 */
 159               	/* stack size = 15 */
 160               	.L__stack_usage = 15
 161 0022 0E94 0000 		call _Z21int1InterruptCallbackv
 162               	/* epilogue start */
 163 0026 FF91      		pop r31
 164 0028 EF91      		pop r30
 165 002a BF91      		pop r27
 166 002c AF91      		pop r26
 167 002e 9F91      		pop r25
 168 0030 8F91      		pop r24
 169 0032 7F91      		pop r23
 170 0034 6F91      		pop r22
 171 0036 5F91      		pop r21
 172 0038 4F91      		pop r20
 173 003a 3F91      		pop r19
 174 003c 2F91      		pop r18
 175 003e 0F90      		pop r0
 176 0040 0FBE      		out __SREG__,r0
 177 0042 0F90      		pop r0
 178 0044 1F90      		pop r1
 179 0046 1895      		reti
 181               		.section	.text._GLOBAL__sub_I_int1,"ax",@progbits
 183               	_GLOBAL__sub_I_int1:
 184               	/* prologue: function */
 185               	/* frame size = 0 */
 186               	/* stack size = 0 */
 187               	.L__stack_usage = 0
 188 0000 80E0      		ldi r24,lo8(int1)
GAS LISTING C:\Users\ANDRLU~1\AppData\Local\Temp\ccCcj1Se.s 			page 4


 189 0002 90E0      		ldi r25,hi8(int1)
 190 0004 0E94 0000 		call _ZN4Int1C1Ev
 191               	/* epilogue start */
 192 0008 0895      		ret
 194               		.global __do_global_ctors
 195               		.section .ctors,"a",@progbits
 196               		.p2align	1
 197 0000 0000      		.word	gs(_GLOBAL__sub_I_int1)
 198               	.global	int1
 199               		.section	.bss.int1,"aw",@nobits
 202               	int1:
 203 0000 0000 0000 		.zero	4
 204               		.ident	"GCC: (GNU) 12.1.0"
 205               	.global __do_clear_bss
GAS LISTING C:\Users\ANDRLU~1\AppData\Local\Temp\ccCcj1Se.s 			page 5


DEFINED SYMBOLS
                            *ABS*:0000000000000000 int1.cpp
C:\Users\ANDRLU~1\AppData\Local\Temp\ccCcj1Se.s:2      *ABS*:000000000000003e __SP_H__
C:\Users\ANDRLU~1\AppData\Local\Temp\ccCcj1Se.s:3      *ABS*:000000000000003d __SP_L__
C:\Users\ANDRLU~1\AppData\Local\Temp\ccCcj1Se.s:4      *ABS*:000000000000003f __SREG__
C:\Users\ANDRLU~1\AppData\Local\Temp\ccCcj1Se.s:5      *ABS*:0000000000000000 __tmp_reg__
C:\Users\ANDRLU~1\AppData\Local\Temp\ccCcj1Se.s:6      *ABS*:0000000000000001 __zero_reg__
C:\Users\ANDRLU~1\AppData\Local\Temp\ccCcj1Se.s:11     .text._Z7getTickv:0000000000000000 _Z7getTickv
C:\Users\ANDRLU~1\AppData\Local\Temp\ccCcj1Se.s:25     .text._ZN4Int1C2Ev:0000000000000000 _ZN4Int1C2Ev
C:\Users\ANDRLU~1\AppData\Local\Temp\ccCcj1Se.s:25     .text._ZN4Int1C2Ev:0000000000000000 _ZN4Int1C1Ev
C:\Users\ANDRLU~1\AppData\Local\Temp\ccCcj1Se.s:46     .text._ZN4Int1D2Ev:0000000000000000 _ZN4Int1D2Ev
C:\Users\ANDRLU~1\AppData\Local\Temp\ccCcj1Se.s:46     .text._ZN4Int1D2Ev:0000000000000000 _ZN4Int1D1Ev
C:\Users\ANDRLU~1\AppData\Local\Temp\ccCcj1Se.s:59     .text._ZN4Int14initENS_9SenseModeE:0000000000000000 _ZN4Int14initENS_9SenseModeE
C:\Users\ANDRLU~1\AppData\Local\Temp\ccCcj1Se.s:88     .text._ZN4Int112setSenseModeENS_9SenseModeE:0000000000000000 _ZN4Int112setSenseModeENS_9SenseModeE
C:\Users\ANDRLU~1\AppData\Local\Temp\ccCcj1Se.s:114    .text._ZN4Int112getLastErrorEv:0000000000000000 _ZN4Int112getLastErrorEv
C:\Users\ANDRLU~1\AppData\Local\Temp\ccCcj1Se.s:128    .text._Z21int1InterruptCallbackv:0000000000000000 _Z21int1InterruptCallbackv
C:\Users\ANDRLU~1\AppData\Local\Temp\ccCcj1Se.s:139    .text.__vector_2:0000000000000000 __vector_2
C:\Users\ANDRLU~1\AppData\Local\Temp\ccCcj1Se.s:183    .text._GLOBAL__sub_I_int1:0000000000000000 _GLOBAL__sub_I_int1
C:\Users\ANDRLU~1\AppData\Local\Temp\ccCcj1Se.s:202    .bss.int1:0000000000000000 int1

UNDEFINED SYMBOLS
__do_global_ctors
__do_clear_bss
