GAS LISTING C:\Users\ANDRLU~1\AppData\Local\Temp\ccQuXgFZ.s 			page 1


   1               		.file	"sound.cpp"
   2               	__SP_H__ = 0x3e
   3               	__SP_L__ = 0x3d
   4               	__SREG__ = 0x3f
   5               	__tmp_reg__ = 0
   6               	__zero_reg__ = 1
   7               		.text
   8               		.section	.text._Z7getTickv,"ax",@progbits
   9               		.weak	_Z7getTickv
  11               	_Z7getTickv:
  12               	/* prologue: function */
  13               	/* frame size = 0 */
  14               	/* stack size = 0 */
  15               	.L__stack_usage = 0
  16 0000 60E0      		ldi r22,0
  17 0002 70E0      		ldi r23,0
  18 0004 CB01      		movw r24,r22
  19               	/* epilogue start */
  20 0006 0895      		ret
  22               		.section	.text._Z9playNotesP4Note,"ax",@progbits
  23               	.global	_Z9playNotesP4Note
  25               	_Z9playNotesP4Note:
  26 0000 BF92      		push r11
  27 0002 CF92      		push r12
  28 0004 DF92      		push r13
  29 0006 EF92      		push r14
  30 0008 FF92      		push r15
  31 000a 0F93      		push r16
  32 000c 1F93      		push r17
  33 000e CF93      		push r28
  34 0010 DF93      		push r29
  35               	/* prologue: function */
  36               	/* frame size = 0 */
  37               	/* stack size = 9 */
  38               	.L__stack_usage = 9
  39 0012 C82F      		mov r28,r24
  40 0014 D92F      		mov r29,r25
  41 0016 8881      		ld r24,Y
  42 0018 8C36      		cpi r24,lo8(108)
  43 001a 01F0      		breq .L3
  44 001c 6E01      		movw r12,r28
  45 001e B12C      		mov r11,__zero_reg__
  46 0020 0F2E      		mov __tmp_reg__,r31
  47 0022 F4E8      		ldi r31,lo8(-124)
  48 0024 EF2E      		mov r14,r31
  49 0026 F12C      		mov r15,__zero_reg__
  50 0028 F02D      		mov r31,__tmp_reg__
  51 002a 08E8      		ldi r16,lo8(-120)
  52 002c 10E0      		ldi r17,0
  53               	.L4:
  54 002e 8FB7      		in r24,__SREG__
  55               	/* #APP */
  56               	 ;  50 "e:\vscode-win\toolchains\avr-gcc\avr\include\util\atomic.h" 1
  57 0030 F894      		cli
  58               	 ;  0 "" 2
  59               	/* #NOAPP */
  60 0032 D701      		movw r26,r14
GAS LISTING C:\Users\ANDRLU~1\AppData\Local\Temp\ccQuXgFZ.s 			page 2


  61 0034 1196      		adiw r26,1
  62 0036 1C92      		st X,__zero_reg__
  63 0038 1E92      		st -X,__zero_reg__
  64 003a 8FBF      		out __SREG__,r24
  65 003c D601      		movw r26,r12
  66 003e EC91      		ld r30,X
  67 0040 F0E0      		ldi r31,0
  68 0042 E050      		subi r30,lo8(-(notesPrescaler))
  69 0044 F040      		sbci r31,hi8(-(notesPrescaler))
  70 0046 6081      		ld r22,Z
  71 0048 80E0      		ldi r24,lo8(timer1)
  72 004a 90E0      		ldi r25,hi8(timer1)
  73 004c 0E94 0000 		call _ZN6Timer114setClockSourceENS_11ClockSourceE
  74 0050 D601      		movw r26,r12
  75 0052 EC91      		ld r30,X
  76 0054 F0E0      		ldi r31,0
  77 0056 EE0F      		lsl r30
  78 0058 FF1F      		rol r31
  79 005a E050      		subi r30,lo8(-(_ZL13notesOcrValue))
  80 005c F040      		sbci r31,hi8(-(_ZL13notesOcrValue))
  81 005e 2081      		ld r18,Z
  82 0060 3181      		ldd r19,Z+1
  83 0062 8FB7      		in r24,__SREG__
  84               	/* #APP */
  85               	 ;  50 "e:\vscode-win\toolchains\avr-gcc\avr\include\util\atomic.h" 1
  86 0064 F894      		cli
  87               	 ;  0 "" 2
  88               	/* #NOAPP */
  89 0066 F801      		movw r30,r16
  90 0068 3183      		std Z+1,r19
  91 006a 2083      		st Z,r18
  92 006c 8FBF      		out __SREG__,r24
  93 006e B394      		inc r11
  94 0070 FFE7      		ldi r31,lo8(399999)
  95 0072 2AE1      		ldi r18,hi8(399999)
  96 0074 86E0      		ldi r24,hlo8(399999)
  97 0076 F150      	1:	subi r31,1
  98 0078 2040      		sbci r18,0
  99 007a 8040      		sbci r24,0
 100 007c 01F4      		brne 1b
 101 007e 00C0      		rjmp .
 102 0080 0000      		nop
 103 0082 6E01      		movw r12,r28
 104 0084 CB0C      		add r12,r11
 105 0086 D11C      		adc r13,__zero_reg__
 106 0088 D601      		movw r26,r12
 107 008a 8C91      		ld r24,X
 108 008c 8C36      		cpi r24,lo8(108)
 109 008e 01F4      		brne .L4
 110               	.L3:
 111 0090 8FB7      		in r24,__SREG__
 112               	/* #APP */
 113               	 ;  50 "e:\vscode-win\toolchains\avr-gcc\avr\include\util\atomic.h" 1
 114 0092 F894      		cli
 115               	 ;  0 "" 2
 116               	/* #NOAPP */
 117 0094 1092 8500 		sts 132+1,__zero_reg__
GAS LISTING C:\Users\ANDRLU~1\AppData\Local\Temp\ccQuXgFZ.s 			page 3


 118 0098 1092 8400 		sts 132,__zero_reg__
 119 009c 8FBF      		out __SREG__,r24
 120 009e 60E0      		ldi r22,0
 121 00a0 80E0      		ldi r24,lo8(timer1)
 122 00a2 90E0      		ldi r25,hi8(timer1)
 123 00a4 0E94 0000 		call _ZN6Timer114setClockSourceENS_11ClockSourceE
 124 00a8 2998      		cbi 0x5,1
 125 00aa 81E0      		ldi r24,lo8(1)
 126               	/* epilogue start */
 127 00ac DF91      		pop r29
 128 00ae CF91      		pop r28
 129 00b0 1F91      		pop r17
 130 00b2 0F91      		pop r16
 131 00b4 FF90      		pop r15
 132 00b6 EF90      		pop r14
 133 00b8 DF90      		pop r13
 134 00ba CF90      		pop r12
 135 00bc BF90      		pop r11
 136 00be 0895      		ret
 138               		.section	.rodata._ZL13notesOcrValue,"a"
 141               	_ZL13notesOcrValue:
 142 0000 E9EE      		.word	-4375
 143 0002 88E1      		.word	-7800
 144 0004 DFD4      		.word	-11041
 145 0006 D5C8      		.word	-14123
 146 0008 9FBD      		.word	-16993
 147 000a F0B2      		.word	-19728
 148 000c F4A8      		.word	-22284
 149 000e 6F9F      		.word	-24721
 150 0010 7896      		.word	-27016
 151 0012 0B8E      		.word	-29173
 152 0014 0C86      		.word	-31220
 153 0016 897E      		.word	32393
 154 0018 7477      		.word	30580
 155 001a BB70      		.word	28859
 156 001c 686A      		.word	27240
 157 001e 7164      		.word	25713
 158 0020 CF5E      		.word	24271
 159 0022 7D59      		.word	22909
 160 0024 7554      		.word	21621
 161 0026 B74F      		.word	20407
 162 0028 3F4B      		.word	19263
 163 002a 0547      		.word	18181
 164 002c 0843      		.word	17160
 165 002e 443F      		.word	16196
 166 0030 B73B      		.word	15287
 167 0032 5D38      		.word	14429
 168 0034 3335      		.word	13619
 169 0036 3832      		.word	12856
 170 0038 652F      		.word	12133
 171 003a BC2C      		.word	11452
 172 003c 3A2A      		.word	10810
 173 003e DB27      		.word	10203
 174 0040 9E25      		.word	9630
 175 0042 8223      		.word	9090
 176 0044 8421      		.word	8580
 177 0046 18FD      		.word	-744
GAS LISTING C:\Users\ANDRLU~1\AppData\Local\Temp\ccQuXgFZ.s 			page 4


 178 0048 E4EE      		.word	-4380
 179 004a 7BE1      		.word	-7813
 180 004c D4D4      		.word	-11052
 181 004e E2C8      		.word	-14110
 182 0050 9CBD      		.word	-16996
 183 0052 F7B2      		.word	-19721
 184 0054 EAA8      		.word	-22294
 185 0056 6F9F      		.word	-24721
 186 0058 7D96      		.word	-27011
 187 005a 0B8E      		.word	-29173
 188 005c 1286      		.word	-31214
 189 005e 8C7E      		.word	32396
 190 0060 7177      		.word	30577
 191 0062 BD70      		.word	28861
 192 0064 696A      		.word	27241
 193 0066 7064      		.word	25712
 194 0068 CD5E      		.word	24269
 195 006a 7B59      		.word	22907
 196 006c 7554      		.word	21621
 197 006e B74F      		.word	20407
 198 0070 3E4B      		.word	19262
 199 0072 0547      		.word	18181
 200 0074 0843      		.word	17160
 201 0076 453F      		.word	16197
 202 0078 B83B      		.word	15288
 203 007a 5E38      		.word	14430
 204 007c 3435      		.word	13620
 205 007e 3832      		.word	12856
 206 0080 662F      		.word	12134
 207 0082 BD2C      		.word	11453
 208 0084 3A2A      		.word	10810
 209 0086 DB27      		.word	10203
 210 0088 9E25      		.word	9630
 211 008a 8223      		.word	9090
 212 008c 8421      		.word	8580
 213 008e A21F      		.word	8098
 214 0090 DC1D      		.word	7644
 215 0092 2E1C      		.word	7214
 216 0094 991A      		.word	6809
 217 0096 1B19      		.word	6427
 218 0098 B217      		.word	6066
 219 009a 5E16      		.word	5726
 220 009c 1C15      		.word	5404
 221 009e ED13      		.word	5101
 222 00a0 CF12      		.word	4815
 223 00a2 C011      		.word	4544
 224 00a4 C110      		.word	4289
 225 00a6 D10F      		.word	4049
 226 00a8 ED0E      		.word	3821
 227 00aa 170E      		.word	3607
 228 00ac 4C0D      		.word	3404
 229 00ae 8D0C      		.word	3213
 230 00b0 D90B      		.word	3033
 231 00b2 2E0B      		.word	2862
 232 00b4 8E0A      		.word	2702
 233 00b6 F609      		.word	2550
 234 00b8 6709      		.word	2407
GAS LISTING C:\Users\ANDRLU~1\AppData\Local\Temp\ccQuXgFZ.s 			page 5


 235 00ba E008      		.word	2272
 236 00bc 6008      		.word	2144
 237 00be E807      		.word	2024
 238 00c0 7607      		.word	1910
 239 00c2 0B07      		.word	1803
 240 00c4 A606      		.word	1702
 241 00c6 4606      		.word	1606
 242 00c8 EC05      		.word	1516
 243 00ca 9705      		.word	1431
 244 00cc 4605      		.word	1350
 245 00ce FB04      		.word	1275
 246 00d0 B304      		.word	1203
 247 00d2 6F04      		.word	1135
 248 00d4 3004      		.word	1072
 249 00d6 F303      		.word	1011
 250               	.global	notesPrescaler
 251               		.section	.data.notesPrescaler,"aw"
 254               	notesPrescaler:
 255 0000 02        		.byte	2
 256 0001 02        		.byte	2
 257 0002 02        		.byte	2
 258 0003 02        		.byte	2
 259 0004 02        		.byte	2
 260 0005 02        		.byte	2
 261 0006 02        		.byte	2
 262 0007 02        		.byte	2
 263 0008 02        		.byte	2
 264 0009 02        		.byte	2
 265 000a 02        		.byte	2
 266 000b 02        		.byte	2
 267 000c 02        		.byte	2
 268 000d 02        		.byte	2
 269 000e 02        		.byte	2
 270 000f 02        		.byte	2
 271 0010 02        		.byte	2
 272 0011 02        		.byte	2
 273 0012 02        		.byte	2
 274 0013 02        		.byte	2
 275 0014 02        		.byte	2
 276 0015 02        		.byte	2
 277 0016 02        		.byte	2
 278 0017 02        		.byte	2
 279 0018 02        		.byte	2
 280 0019 02        		.byte	2
 281 001a 02        		.byte	2
 282 001b 02        		.byte	2
 283 001c 02        		.byte	2
 284 001d 02        		.byte	2
 285 001e 02        		.byte	2
 286 001f 02        		.byte	2
 287 0020 02        		.byte	2
 288 0021 02        		.byte	2
 289 0022 02        		.byte	2
 290 0023 01        		.byte	1
 291 0024 01        		.byte	1
 292 0025 01        		.byte	1
 293 0026 01        		.byte	1
GAS LISTING C:\Users\ANDRLU~1\AppData\Local\Temp\ccQuXgFZ.s 			page 6


 294 0027 01        		.byte	1
 295 0028 01        		.byte	1
 296 0029 01        		.byte	1
 297 002a 01        		.byte	1
 298 002b 01        		.byte	1
 299 002c 01        		.byte	1
 300 002d 01        		.byte	1
 301 002e 01        		.byte	1
 302 002f 01        		.byte	1
 303 0030 01        		.byte	1
 304 0031 01        		.byte	1
 305 0032 01        		.byte	1
 306 0033 01        		.byte	1
 307 0034 01        		.byte	1
 308 0035 01        		.byte	1
 309 0036 01        		.byte	1
 310 0037 01        		.byte	1
 311 0038 01        		.byte	1
 312 0039 01        		.byte	1
 313 003a 01        		.byte	1
 314 003b 01        		.byte	1
 315 003c 01        		.byte	1
 316 003d 01        		.byte	1
 317 003e 01        		.byte	1
 318 003f 01        		.byte	1
 319 0040 01        		.byte	1
 320 0041 01        		.byte	1
 321 0042 01        		.byte	1
 322 0043 01        		.byte	1
 323 0044 01        		.byte	1
 324 0045 01        		.byte	1
 325 0046 01        		.byte	1
 326 0047 01        		.byte	1
 327 0048 01        		.byte	1
 328 0049 01        		.byte	1
 329 004a 01        		.byte	1
 330 004b 01        		.byte	1
 331 004c 01        		.byte	1
 332 004d 01        		.byte	1
 333 004e 01        		.byte	1
 334 004f 01        		.byte	1
 335 0050 01        		.byte	1
 336 0051 01        		.byte	1
 337 0052 01        		.byte	1
 338 0053 01        		.byte	1
 339 0054 01        		.byte	1
 340 0055 01        		.byte	1
 341 0056 01        		.byte	1
 342 0057 01        		.byte	1
 343 0058 01        		.byte	1
 344 0059 01        		.byte	1
 345 005a 01        		.byte	1
 346 005b 01        		.byte	1
 347 005c 01        		.byte	1
 348 005d 01        		.byte	1
 349 005e 01        		.byte	1
 350 005f 01        		.byte	1
GAS LISTING C:\Users\ANDRLU~1\AppData\Local\Temp\ccQuXgFZ.s 			page 7


 351 0060 01        		.byte	1
 352 0061 01        		.byte	1
 353 0062 01        		.byte	1
 354 0063 01        		.byte	1
 355 0064 01        		.byte	1
 356 0065 01        		.byte	1
 357 0066 01        		.byte	1
 358 0067 01        		.byte	1
 359 0068 01        		.byte	1
 360 0069 01        		.byte	1
 361 006a 01        		.byte	1
 362 006b 01        		.byte	1
 363               		.ident	"GCC: (GNU) 12.1.0"
 364               	.global __do_copy_data
GAS LISTING C:\Users\ANDRLU~1\AppData\Local\Temp\ccQuXgFZ.s 			page 8


DEFINED SYMBOLS
                            *ABS*:0000000000000000 sound.cpp
C:\Users\ANDRLU~1\AppData\Local\Temp\ccQuXgFZ.s:2      *ABS*:000000000000003e __SP_H__
C:\Users\ANDRLU~1\AppData\Local\Temp\ccQuXgFZ.s:3      *ABS*:000000000000003d __SP_L__
C:\Users\ANDRLU~1\AppData\Local\Temp\ccQuXgFZ.s:4      *ABS*:000000000000003f __SREG__
C:\Users\ANDRLU~1\AppData\Local\Temp\ccQuXgFZ.s:5      *ABS*:0000000000000000 __tmp_reg__
C:\Users\ANDRLU~1\AppData\Local\Temp\ccQuXgFZ.s:6      *ABS*:0000000000000001 __zero_reg__
C:\Users\ANDRLU~1\AppData\Local\Temp\ccQuXgFZ.s:11     .text._Z7getTickv:0000000000000000 _Z7getTickv
C:\Users\ANDRLU~1\AppData\Local\Temp\ccQuXgFZ.s:25     .text._Z9playNotesP4Note:0000000000000000 _Z9playNotesP4Note
C:\Users\ANDRLU~1\AppData\Local\Temp\ccQuXgFZ.s:254    .data.notesPrescaler:0000000000000000 notesPrescaler
C:\Users\ANDRLU~1\AppData\Local\Temp\ccQuXgFZ.s:141    .rodata._ZL13notesOcrValue:0000000000000000 _ZL13notesOcrValue
C:\Users\ANDRLU~1\AppData\Local\Temp\ccQuXgFZ.s:101    .text._Z9playNotesP4Note:0000000000000080 L0
C:\Users\ANDRLU~1\AppData\Local\Temp\ccQuXgFZ.s:110    .text._Z9playNotesP4Note:0000000000000090 .L3
C:\Users\ANDRLU~1\AppData\Local\Temp\ccQuXgFZ.s:97     .text._Z9playNotesP4Note:0000000000000076 .L11
C:\Users\ANDRLU~1\AppData\Local\Temp\ccQuXgFZ.s:53     .text._Z9playNotesP4Note:000000000000002e .L4

UNDEFINED SYMBOLS
timer1
_ZN6Timer114setClockSourceENS_11ClockSourceE
__do_copy_data
