GAS LISTING C:\Users\ANDRLU~1\AppData\Local\Temp\ccuuDafc.s 			page 1


   1               		.file	"timer1.cpp"
   2               	__SP_H__ = 0x3e
   3               	__SP_L__ = 0x3d
   4               	__SREG__ = 0x3f
   5               	__tmp_reg__ = 0
   6               	__zero_reg__ = 1
   7               		.text
   8               		.section	.text._Z7getTickv,"ax",@progbits
   9               		.weak	_Z7getTickv
  11               	_Z7getTickv:
  12               	/* prologue: function */
  13               	/* frame size = 0 */
  14               	/* stack size = 0 */
  15               	.L__stack_usage = 0
  16 0000 60E0      		ldi r22,0
  17 0002 70E0      		ldi r23,0
  18 0004 CB01      		movw r24,r22
  19               	/* epilogue start */
  20 0006 0895      		ret
  22               		.section	.text._ZN6Timer1C2Ev,"ax",@progbits
  23               	.global	_ZN6Timer1C2Ev
  25               	_ZN6Timer1C2Ev:
  26               	/* prologue: function */
  27               	/* frame size = 0 */
  28               	/* stack size = 0 */
  29               	.L__stack_usage = 0
  30 0000 E82F      		mov r30,r24
  31 0002 F92F      		mov r31,r25
  32 0004 1182      		std Z+1,__zero_reg__
  33 0006 1282      		std Z+2,__zero_reg__
  34 0008 8081      		ld r24,Z
  35 000a 8E7F      		andi r24,lo8(~(1<<0))
  36 000c 8083      		st Z,r24
  37 000e 1482      		std Z+4,__zero_reg__
  38 0010 1382      		std Z+3,__zero_reg__
  39               	/* epilogue start */
  40 0012 0895      		ret
  42               	.global	_ZN6Timer1C1Ev
  43               		.set	_ZN6Timer1C1Ev,_ZN6Timer1C2Ev
  44               		.section	.text._ZN6Timer1D2Ev,"ax",@progbits
  45               	.global	_ZN6Timer1D2Ev
  47               	_ZN6Timer1D2Ev:
  48               	/* prologue: function */
  49               	/* frame size = 0 */
  50               	/* stack size = 0 */
  51               	.L__stack_usage = 0
  52               	/* epilogue start */
  53 0000 0895      		ret
  55               	.global	_ZN6Timer1D1Ev
  56               		.set	_ZN6Timer1D1Ev,_ZN6Timer1D2Ev
  57               		.section	.text._ZN6Timer14initENS_4ModeENS_11ClockSourceE,"ax",@progbits
  58               	.global	_ZN6Timer14initENS_4ModeENS_11ClockSourceE
  60               	_ZN6Timer14initENS_4ModeENS_11ClockSourceE:
  61 0000 CF93      		push r28
  62 0002 DF93      		push r29
  63               	/* prologue: function */
  64               	/* frame size = 0 */
GAS LISTING C:\Users\ANDRLU~1\AppData\Local\Temp\ccuuDafc.s 			page 2


  65               	/* stack size = 2 */
  66               	.L__stack_usage = 2
  67 0004 E82F      		mov r30,r24
  68 0006 F92F      		mov r31,r25
  69 0008 C0E8      		ldi r28,lo8(-128)
  70 000a D0E0      		ldi r29,0
  71 000c 8881      		ld r24,Y
  72 000e A1E8      		ldi r26,lo8(-127)
  73 0010 B0E0      		ldi r27,0
  74 0012 2C91      		ld r18,X
  75 0014 962F      		mov r25,r22
  76 0016 9370      		andi r25,lo8(3)
  77 0018 8C7F      		andi r24,lo8(-4)
  78 001a 982B      		or r25,r24
  79 001c 862F      		mov r24,r22
  80 001e 8695      		lsr r24
  81 0020 8695      		lsr r24
  82 0022 880F      		lsl r24
  83 0024 880F      		lsl r24
  84 0026 880F      		lsl r24
  85 0028 207E      		andi r18,lo8(-32)
  86 002a 822B      		or r24,r18
  87 002c 842B      		or r24,r20
  88 002e 9883      		st Y,r25
  89 0030 8C93      		st X,r24
  90 0032 6283      		std Z+2,r22
  91 0034 4183      		std Z+1,r20
  92 0036 8081      		ld r24,Z
  93 0038 8160      		ori r24,lo8(1<<0)
  94 003a 8083      		st Z,r24
  95 003c 1482      		std Z+4,__zero_reg__
  96 003e 1382      		std Z+3,__zero_reg__
  97 0040 81E0      		ldi r24,lo8(1)
  98               	/* epilogue start */
  99 0042 DF91      		pop r29
 100 0044 CF91      		pop r28
 101 0046 0895      		ret
 103               		.section	.text._ZN6Timer17setModeENS_4ModeE,"ax",@progbits
 104               	.global	_ZN6Timer17setModeENS_4ModeE
 106               	_ZN6Timer17setModeENS_4ModeE:
 107 0000 CF93      		push r28
 108 0002 DF93      		push r29
 109               	/* prologue: function */
 110               	/* frame size = 0 */
 111               	/* stack size = 2 */
 112               	.L__stack_usage = 2
 113 0004 E82F      		mov r30,r24
 114 0006 F92F      		mov r31,r25
 115 0008 C0E8      		ldi r28,lo8(-128)
 116 000a D0E0      		ldi r29,0
 117 000c 8881      		ld r24,Y
 118 000e A1E8      		ldi r26,lo8(-127)
 119 0010 B0E0      		ldi r27,0
 120 0012 2C91      		ld r18,X
 121 0014 962F      		mov r25,r22
 122 0016 9370      		andi r25,lo8(3)
 123 0018 8C7F      		andi r24,lo8(-4)
GAS LISTING C:\Users\ANDRLU~1\AppData\Local\Temp\ccuuDafc.s 			page 3


 124 001a 982B      		or r25,r24
 125 001c 862F      		mov r24,r22
 126 001e 8695      		lsr r24
 127 0020 8695      		lsr r24
 128 0022 880F      		lsl r24
 129 0024 880F      		lsl r24
 130 0026 880F      		lsl r24
 131 0028 277E      		andi r18,lo8(-25)
 132 002a 822B      		or r24,r18
 133 002c 9883      		st Y,r25
 134 002e 8C93      		st X,r24
 135 0030 6283      		std Z+2,r22
 136 0032 1482      		std Z+4,__zero_reg__
 137 0034 1382      		std Z+3,__zero_reg__
 138 0036 81E0      		ldi r24,lo8(1)
 139               	/* epilogue start */
 140 0038 DF91      		pop r29
 141 003a CF91      		pop r28
 142 003c 0895      		ret
 144               		.section	.text._ZN6Timer114setClockSourceENS_11ClockSourceE,"ax",@progbits
 145               	.global	_ZN6Timer114setClockSourceENS_11ClockSourceE
 147               	_ZN6Timer114setClockSourceENS_11ClockSourceE:
 148               	/* prologue: function */
 149               	/* frame size = 0 */
 150               	/* stack size = 0 */
 151               	.L__stack_usage = 0
 152 0000 E82F      		mov r30,r24
 153 0002 F92F      		mov r31,r25
 154 0004 A1E8      		ldi r26,lo8(-127)
 155 0006 B0E0      		ldi r27,0
 156 0008 8C91      		ld r24,X
 157 000a 887F      		andi r24,lo8(-8)
 158 000c 862B      		or r24,r22
 159 000e 8C93      		st X,r24
 160 0010 6183      		std Z+1,r22
 161 0012 1482      		std Z+4,__zero_reg__
 162 0014 1382      		std Z+3,__zero_reg__
 163 0016 81E0      		ldi r24,lo8(1)
 164               	/* epilogue start */
 165 0018 0895      		ret
 167               		.section	.text._ZN6Timer113setOutputModeENS_10OutputModeES0_,"ax",@progbits
 168               	.global	_ZN6Timer113setOutputModeENS_10OutputModeES0_
 170               	_ZN6Timer113setOutputModeENS_10OutputModeES0_:
 171               	/* prologue: function */
 172               	/* frame size = 0 */
 173               	/* stack size = 0 */
 174               	.L__stack_usage = 0
 175 0000 DC01      		movw r26,r24
 176 0002 E0E8      		ldi r30,lo8(-128)
 177 0004 F0E0      		ldi r31,0
 178 0006 9081      		ld r25,Z
 179 0008 80E4      		ldi r24,lo8(64)
 180 000a 689F      		mul r22,r24
 181 000c B001      		movw r22,r0
 182 000e 1124      		clr __zero_reg__
 183 0010 9F73      		andi r25,lo8(63)
 184 0012 692B      		or r22,r25
GAS LISTING C:\Users\ANDRLU~1\AppData\Local\Temp\ccuuDafc.s 			page 4


 185 0014 6F7C      		andi r22,lo8(-49)
 186 0016 80E1      		ldi r24,lo8(16)
 187 0018 489F      		mul r20,r24
 188 001a A001      		movw r20,r0
 189 001c 1124      		clr __zero_reg__
 190 001e 462B      		or r20,r22
 191 0020 4083      		st Z,r20
 192 0022 1496      		adiw r26,3+1
 193 0024 1C92      		st X,__zero_reg__
 194 0026 1E92      		st -X,__zero_reg__
 195 0028 1397      		sbiw r26,3
 196 002a 81E0      		ldi r24,lo8(1)
 197               	/* epilogue start */
 198 002c 0895      		ret
 200               		.section	.text._ZN6Timer119setInputCaptureModeE4Edgeb,"ax",@progbits
 201               	.global	_ZN6Timer119setInputCaptureModeE4Edgeb
 203               	_ZN6Timer119setInputCaptureModeE4Edgeb:
 204               	/* prologue: function */
 205               	/* frame size = 0 */
 206               	/* stack size = 0 */
 207               	.L__stack_usage = 0
 208 0000 E82F      		mov r30,r24
 209 0002 F92F      		mov r31,r25
 210 0004 8091 8100 		lds r24,129
 211 0008 4423      		tst r20
 212 000a 01F0      		breq .L9
 213 000c 8068      		ori r24,lo8(-128)
 214               	.L10:
 215 000e 6130      		cpi r22,lo8(1)
 216 0010 01F0      		breq .L13
 217 0012 8F7B      		andi r24,lo8(-65)
 218               	.L12:
 219 0014 8093 8100 		sts 129,r24
 220 0018 1482      		std Z+4,__zero_reg__
 221 001a 1382      		std Z+3,__zero_reg__
 222 001c 81E0      		ldi r24,lo8(1)
 223               	/* epilogue start */
 224 001e 0895      		ret
 225               	.L9:
 226 0020 8F77      		andi r24,lo8(127)
 227 0022 00C0      		rjmp .L10
 228               	.L13:
 229 0024 8064      		ori r24,lo8(64)
 230 0026 00C0      		rjmp .L12
 232               		.section	.text._ZN6Timer112getLastErrorEv,"ax",@progbits
 233               	.global	_ZN6Timer112getLastErrorEv
 235               	_ZN6Timer112getLastErrorEv:
 236               	/* prologue: function */
 237               	/* frame size = 0 */
 238               	/* stack size = 0 */
 239               	.L__stack_usage = 0
 240 0000 FC01      		movw r30,r24
 241 0002 8381      		ldd r24,Z+3
 242 0004 9481      		ldd r25,Z+4
 243               	/* epilogue start */
 244 0006 0895      		ret
 246               		.section	.text._Z22timer1CompareACallbackv,"ax",@progbits
GAS LISTING C:\Users\ANDRLU~1\AppData\Local\Temp\ccuuDafc.s 			page 5


 247               		.weak	_Z22timer1CompareACallbackv
 249               	_Z22timer1CompareACallbackv:
 250               	/* prologue: function */
 251               	/* frame size = 0 */
 252               	/* stack size = 0 */
 253               	.L__stack_usage = 0
 254               	/* epilogue start */
 255 0000 0895      		ret
 257               		.section	.text._Z22timer1CompareBCallbackv,"ax",@progbits
 258               		.weak	_Z22timer1CompareBCallbackv
 260               	_Z22timer1CompareBCallbackv:
 261               	/* prologue: function */
 262               	/* frame size = 0 */
 263               	/* stack size = 0 */
 264               	.L__stack_usage = 0
 265               	/* epilogue start */
 266 0000 0895      		ret
 268               		.section	.text._Z26timer1InputCaptureCallbackv,"ax",@progbits
 269               		.weak	_Z26timer1InputCaptureCallbackv
 271               	_Z26timer1InputCaptureCallbackv:
 272               	/* prologue: function */
 273               	/* frame size = 0 */
 274               	/* stack size = 0 */
 275               	.L__stack_usage = 0
 276               	/* epilogue start */
 277 0000 0895      		ret
 279               		.section	.text._Z22timer1OverflowCallbackv,"ax",@progbits
 280               		.weak	_Z22timer1OverflowCallbackv
 282               	_Z22timer1OverflowCallbackv:
 283               	/* prologue: function */
 284               	/* frame size = 0 */
 285               	/* stack size = 0 */
 286               	.L__stack_usage = 0
 287               	/* epilogue start */
 288 0000 0895      		ret
 290               		.section	.text.__vector_11,"ax",@progbits
 291               	.global	__vector_11
 293               	__vector_11:
 294 0000 1F92      		push r1
 295 0002 0F92      		push r0
 296 0004 0FB6      		in r0,__SREG__
 297 0006 0F92      		push r0
 298 0008 1124      		clr __zero_reg__
 299 000a 2F93      		push r18
 300 000c 3F93      		push r19
 301 000e 4F93      		push r20
 302 0010 5F93      		push r21
 303 0012 6F93      		push r22
 304 0014 7F93      		push r23
 305 0016 8F93      		push r24
 306 0018 9F93      		push r25
 307 001a AF93      		push r26
 308 001c BF93      		push r27
 309 001e EF93      		push r30
 310 0020 FF93      		push r31
 311               	/* prologue: Signal */
 312               	/* frame size = 0 */
GAS LISTING C:\Users\ANDRLU~1\AppData\Local\Temp\ccuuDafc.s 			page 6


 313               	/* stack size = 15 */
 314               	.L__stack_usage = 15
 315 0022 0E94 0000 		call _Z22timer1CompareACallbackv
 316               	/* epilogue start */
 317 0026 FF91      		pop r31
 318 0028 EF91      		pop r30
 319 002a BF91      		pop r27
 320 002c AF91      		pop r26
 321 002e 9F91      		pop r25
 322 0030 8F91      		pop r24
 323 0032 7F91      		pop r23
 324 0034 6F91      		pop r22
 325 0036 5F91      		pop r21
 326 0038 4F91      		pop r20
 327 003a 3F91      		pop r19
 328 003c 2F91      		pop r18
 329 003e 0F90      		pop r0
 330 0040 0FBE      		out __SREG__,r0
 331 0042 0F90      		pop r0
 332 0044 1F90      		pop r1
 333 0046 1895      		reti
 335               		.section	.text.__vector_12,"ax",@progbits
 336               	.global	__vector_12
 338               	__vector_12:
 339 0000 1F92      		push r1
 340 0002 0F92      		push r0
 341 0004 0FB6      		in r0,__SREG__
 342 0006 0F92      		push r0
 343 0008 1124      		clr __zero_reg__
 344 000a 2F93      		push r18
 345 000c 3F93      		push r19
 346 000e 4F93      		push r20
 347 0010 5F93      		push r21
 348 0012 6F93      		push r22
 349 0014 7F93      		push r23
 350 0016 8F93      		push r24
 351 0018 9F93      		push r25
 352 001a AF93      		push r26
 353 001c BF93      		push r27
 354 001e EF93      		push r30
 355 0020 FF93      		push r31
 356               	/* prologue: Signal */
 357               	/* frame size = 0 */
 358               	/* stack size = 15 */
 359               	.L__stack_usage = 15
 360 0022 0E94 0000 		call _Z22timer1CompareBCallbackv
 361               	/* epilogue start */
 362 0026 FF91      		pop r31
 363 0028 EF91      		pop r30
 364 002a BF91      		pop r27
 365 002c AF91      		pop r26
 366 002e 9F91      		pop r25
 367 0030 8F91      		pop r24
 368 0032 7F91      		pop r23
 369 0034 6F91      		pop r22
 370 0036 5F91      		pop r21
 371 0038 4F91      		pop r20
GAS LISTING C:\Users\ANDRLU~1\AppData\Local\Temp\ccuuDafc.s 			page 7


 372 003a 3F91      		pop r19
 373 003c 2F91      		pop r18
 374 003e 0F90      		pop r0
 375 0040 0FBE      		out __SREG__,r0
 376 0042 0F90      		pop r0
 377 0044 1F90      		pop r1
 378 0046 1895      		reti
 380               		.section	.text.__vector_10,"ax",@progbits
 381               	.global	__vector_10
 383               	__vector_10:
 384 0000 1F92      		push r1
 385 0002 0F92      		push r0
 386 0004 0FB6      		in r0,__SREG__
 387 0006 0F92      		push r0
 388 0008 1124      		clr __zero_reg__
 389 000a 2F93      		push r18
 390 000c 3F93      		push r19
 391 000e 4F93      		push r20
 392 0010 5F93      		push r21
 393 0012 6F93      		push r22
 394 0014 7F93      		push r23
 395 0016 8F93      		push r24
 396 0018 9F93      		push r25
 397 001a AF93      		push r26
 398 001c BF93      		push r27
 399 001e EF93      		push r30
 400 0020 FF93      		push r31
 401               	/* prologue: Signal */
 402               	/* frame size = 0 */
 403               	/* stack size = 15 */
 404               	.L__stack_usage = 15
 405 0022 0E94 0000 		call _Z26timer1InputCaptureCallbackv
 406               	/* epilogue start */
 407 0026 FF91      		pop r31
 408 0028 EF91      		pop r30
 409 002a BF91      		pop r27
 410 002c AF91      		pop r26
 411 002e 9F91      		pop r25
 412 0030 8F91      		pop r24
 413 0032 7F91      		pop r23
 414 0034 6F91      		pop r22
 415 0036 5F91      		pop r21
 416 0038 4F91      		pop r20
 417 003a 3F91      		pop r19
 418 003c 2F91      		pop r18
 419 003e 0F90      		pop r0
 420 0040 0FBE      		out __SREG__,r0
 421 0042 0F90      		pop r0
 422 0044 1F90      		pop r1
 423 0046 1895      		reti
 425               		.section	.text.__vector_13,"ax",@progbits
 426               	.global	__vector_13
 428               	__vector_13:
 429 0000 1F92      		push r1
 430 0002 0F92      		push r0
 431 0004 0FB6      		in r0,__SREG__
 432 0006 0F92      		push r0
GAS LISTING C:\Users\ANDRLU~1\AppData\Local\Temp\ccuuDafc.s 			page 8


 433 0008 1124      		clr __zero_reg__
 434 000a 2F93      		push r18
 435 000c 3F93      		push r19
 436 000e 4F93      		push r20
 437 0010 5F93      		push r21
 438 0012 6F93      		push r22
 439 0014 7F93      		push r23
 440 0016 8F93      		push r24
 441 0018 9F93      		push r25
 442 001a AF93      		push r26
 443 001c BF93      		push r27
 444 001e EF93      		push r30
 445 0020 FF93      		push r31
 446               	/* prologue: Signal */
 447               	/* frame size = 0 */
 448               	/* stack size = 15 */
 449               	.L__stack_usage = 15
 450 0022 0E94 0000 		call _Z22timer1OverflowCallbackv
 451               	/* epilogue start */
 452 0026 FF91      		pop r31
 453 0028 EF91      		pop r30
 454 002a BF91      		pop r27
 455 002c AF91      		pop r26
 456 002e 9F91      		pop r25
 457 0030 8F91      		pop r24
 458 0032 7F91      		pop r23
 459 0034 6F91      		pop r22
 460 0036 5F91      		pop r21
 461 0038 4F91      		pop r20
 462 003a 3F91      		pop r19
 463 003c 2F91      		pop r18
 464 003e 0F90      		pop r0
 465 0040 0FBE      		out __SREG__,r0
 466 0042 0F90      		pop r0
 467 0044 1F90      		pop r1
 468 0046 1895      		reti
 470               		.section	.text._GLOBAL__sub_I_timer1,"ax",@progbits
 472               	_GLOBAL__sub_I_timer1:
 473               	/* prologue: function */
 474               	/* frame size = 0 */
 475               	/* stack size = 0 */
 476               	.L__stack_usage = 0
 477 0000 80E0      		ldi r24,lo8(timer1)
 478 0002 90E0      		ldi r25,hi8(timer1)
 479 0004 0E94 0000 		call _ZN6Timer1C1Ev
 480               	/* epilogue start */
 481 0008 0895      		ret
 483               		.global __do_global_ctors
 484               		.section .ctors,"a",@progbits
 485               		.p2align	1
 486 0000 0000      		.word	gs(_GLOBAL__sub_I_timer1)
 487               	.global	timer1
 488               		.section	.bss.timer1,"aw",@nobits
 491               	timer1:
 492 0000 0000 0000 		.zero	5
 492      00
 493               		.ident	"GCC: (GNU) 12.1.0"
GAS LISTING C:\Users\ANDRLU~1\AppData\Local\Temp\ccuuDafc.s 			page 9


 494               	.global __do_clear_bss
GAS LISTING C:\Users\ANDRLU~1\AppData\Local\Temp\ccuuDafc.s 			page 10


DEFINED SYMBOLS
                            *ABS*:0000000000000000 timer1.cpp
C:\Users\ANDRLU~1\AppData\Local\Temp\ccuuDafc.s:2      *ABS*:000000000000003e __SP_H__
C:\Users\ANDRLU~1\AppData\Local\Temp\ccuuDafc.s:3      *ABS*:000000000000003d __SP_L__
C:\Users\ANDRLU~1\AppData\Local\Temp\ccuuDafc.s:4      *ABS*:000000000000003f __SREG__
C:\Users\ANDRLU~1\AppData\Local\Temp\ccuuDafc.s:5      *ABS*:0000000000000000 __tmp_reg__
C:\Users\ANDRLU~1\AppData\Local\Temp\ccuuDafc.s:6      *ABS*:0000000000000001 __zero_reg__
C:\Users\ANDRLU~1\AppData\Local\Temp\ccuuDafc.s:11     .text._Z7getTickv:0000000000000000 _Z7getTickv
C:\Users\ANDRLU~1\AppData\Local\Temp\ccuuDafc.s:25     .text._ZN6Timer1C2Ev:0000000000000000 _ZN6Timer1C2Ev
C:\Users\ANDRLU~1\AppData\Local\Temp\ccuuDafc.s:25     .text._ZN6Timer1C2Ev:0000000000000000 _ZN6Timer1C1Ev
C:\Users\ANDRLU~1\AppData\Local\Temp\ccuuDafc.s:47     .text._ZN6Timer1D2Ev:0000000000000000 _ZN6Timer1D2Ev
C:\Users\ANDRLU~1\AppData\Local\Temp\ccuuDafc.s:47     .text._ZN6Timer1D2Ev:0000000000000000 _ZN6Timer1D1Ev
C:\Users\ANDRLU~1\AppData\Local\Temp\ccuuDafc.s:60     .text._ZN6Timer14initENS_4ModeENS_11ClockSourceE:0000000000000000 _ZN6Timer14initENS_4ModeENS_11ClockSourceE
C:\Users\ANDRLU~1\AppData\Local\Temp\ccuuDafc.s:106    .text._ZN6Timer17setModeENS_4ModeE:0000000000000000 _ZN6Timer17setModeENS_4ModeE
C:\Users\ANDRLU~1\AppData\Local\Temp\ccuuDafc.s:147    .text._ZN6Timer114setClockSourceENS_11ClockSourceE:0000000000000000 _ZN6Timer114setClockSourceENS_11ClockSourceE
C:\Users\ANDRLU~1\AppData\Local\Temp\ccuuDafc.s:170    .text._ZN6Timer113setOutputModeENS_10OutputModeES0_:0000000000000000 _ZN6Timer113setOutputModeENS_10OutputModeES0_
C:\Users\ANDRLU~1\AppData\Local\Temp\ccuuDafc.s:203    .text._ZN6Timer119setInputCaptureModeE4Edgeb:0000000000000000 _ZN6Timer119setInputCaptureModeE4Edgeb
C:\Users\ANDRLU~1\AppData\Local\Temp\ccuuDafc.s:235    .text._ZN6Timer112getLastErrorEv:0000000000000000 _ZN6Timer112getLastErrorEv
C:\Users\ANDRLU~1\AppData\Local\Temp\ccuuDafc.s:249    .text._Z22timer1CompareACallbackv:0000000000000000 _Z22timer1CompareACallbackv
C:\Users\ANDRLU~1\AppData\Local\Temp\ccuuDafc.s:260    .text._Z22timer1CompareBCallbackv:0000000000000000 _Z22timer1CompareBCallbackv
C:\Users\ANDRLU~1\AppData\Local\Temp\ccuuDafc.s:271    .text._Z26timer1InputCaptureCallbackv:0000000000000000 _Z26timer1InputCaptureCallbackv
C:\Users\ANDRLU~1\AppData\Local\Temp\ccuuDafc.s:282    .text._Z22timer1OverflowCallbackv:0000000000000000 _Z22timer1OverflowCallbackv
C:\Users\ANDRLU~1\AppData\Local\Temp\ccuuDafc.s:293    .text.__vector_11:0000000000000000 __vector_11
C:\Users\ANDRLU~1\AppData\Local\Temp\ccuuDafc.s:338    .text.__vector_12:0000000000000000 __vector_12
C:\Users\ANDRLU~1\AppData\Local\Temp\ccuuDafc.s:383    .text.__vector_10:0000000000000000 __vector_10
C:\Users\ANDRLU~1\AppData\Local\Temp\ccuuDafc.s:428    .text.__vector_13:0000000000000000 __vector_13
C:\Users\ANDRLU~1\AppData\Local\Temp\ccuuDafc.s:472    .text._GLOBAL__sub_I_timer1:0000000000000000 _GLOBAL__sub_I_timer1
C:\Users\ANDRLU~1\AppData\Local\Temp\ccuuDafc.s:491    .bss.timer1:0000000000000000 timer1
C:\Users\ANDRLU~1\AppData\Local\Temp\ccuuDafc.s:225    .text._ZN6Timer119setInputCaptureModeE4Edgeb:0000000000000020 .L9
C:\Users\ANDRLU~1\AppData\Local\Temp\ccuuDafc.s:228    .text._ZN6Timer119setInputCaptureModeE4Edgeb:0000000000000024 .L13
C:\Users\ANDRLU~1\AppData\Local\Temp\ccuuDafc.s:214    .text._ZN6Timer119setInputCaptureModeE4Edgeb:000000000000000e .L10
C:\Users\ANDRLU~1\AppData\Local\Temp\ccuuDafc.s:218    .text._ZN6Timer119setInputCaptureModeE4Edgeb:0000000000000014 .L12

UNDEFINED SYMBOLS
__do_global_ctors
__do_clear_bss
