GAS LISTING C:\Users\ANDRLU~1\AppData\Local\Temp\ccwmUWkD.s 			page 1


   1               		.file	"timer2.cpp"
   2               	__SP_H__ = 0x3e
   3               	__SP_L__ = 0x3d
   4               	__SREG__ = 0x3f
   5               	__tmp_reg__ = 0
   6               	__zero_reg__ = 1
   7               		.text
   8               		.section	.text._Z7getTickv,"ax",@progbits
   9               		.weak	_Z7getTickv
  11               	_Z7getTickv:
  12               	/* prologue: function */
  13               	/* frame size = 0 */
  14               	/* stack size = 0 */
  15               	.L__stack_usage = 0
  16 0000 60E0      		ldi r22,0
  17 0002 70E0      		ldi r23,0
  18 0004 CB01      		movw r24,r22
  19               	/* epilogue start */
  20 0006 0895      		ret
  22               		.section	.text._ZN6Timer2C2Ev,"ax",@progbits
  23               	.global	_ZN6Timer2C2Ev
  25               	_ZN6Timer2C2Ev:
  26               	/* prologue: function */
  27               	/* frame size = 0 */
  28               	/* stack size = 0 */
  29               	.L__stack_usage = 0
  30 0000 E82F      		mov r30,r24
  31 0002 F92F      		mov r31,r25
  32 0004 1182      		std Z+1,__zero_reg__
  33 0006 1282      		std Z+2,__zero_reg__
  34 0008 8081      		ld r24,Z
  35 000a 8E7F      		andi r24,lo8(~(1<<0))
  36 000c 8083      		st Z,r24
  37 000e 1482      		std Z+4,__zero_reg__
  38 0010 1382      		std Z+3,__zero_reg__
  39               	/* epilogue start */
  40 0012 0895      		ret
  42               	.global	_ZN6Timer2C1Ev
  43               		.set	_ZN6Timer2C1Ev,_ZN6Timer2C2Ev
  44               		.section	.text._ZN6Timer2D2Ev,"ax",@progbits
  45               	.global	_ZN6Timer2D2Ev
  47               	_ZN6Timer2D2Ev:
  48               	/* prologue: function */
  49               	/* frame size = 0 */
  50               	/* stack size = 0 */
  51               	.L__stack_usage = 0
  52               	/* epilogue start */
  53 0000 0895      		ret
  55               	.global	_ZN6Timer2D1Ev
  56               		.set	_ZN6Timer2D1Ev,_ZN6Timer2D2Ev
  57               		.section	.text._ZN6Timer24initENS_4ModeENS_11ClockSourceE,"ax",@progbits
  58               	.global	_ZN6Timer24initENS_4ModeENS_11ClockSourceE
  60               	_ZN6Timer24initENS_4ModeENS_11ClockSourceE:
  61 0000 CF93      		push r28
  62 0002 DF93      		push r29
  63               	/* prologue: function */
  64               	/* frame size = 0 */
GAS LISTING C:\Users\ANDRLU~1\AppData\Local\Temp\ccwmUWkD.s 			page 2


  65               	/* stack size = 2 */
  66               	.L__stack_usage = 2
  67 0004 E82F      		mov r30,r24
  68 0006 F92F      		mov r31,r25
  69 0008 C0EB      		ldi r28,lo8(-80)
  70 000a D0E0      		ldi r29,0
  71 000c 8881      		ld r24,Y
  72 000e A1EB      		ldi r26,lo8(-79)
  73 0010 B0E0      		ldi r27,0
  74 0012 2C91      		ld r18,X
  75 0014 962F      		mov r25,r22
  76 0016 9370      		andi r25,lo8(3)
  77 0018 8C7F      		andi r24,lo8(-4)
  78 001a 982B      		or r25,r24
  79 001c 862F      		mov r24,r22
  80 001e 8695      		lsr r24
  81 0020 8695      		lsr r24
  82 0022 880F      		lsl r24
  83 0024 880F      		lsl r24
  84 0026 880F      		lsl r24
  85 0028 207F      		andi r18,lo8(-16)
  86 002a 822B      		or r24,r18
  87 002c 842B      		or r24,r20
  88 002e 9883      		st Y,r25
  89 0030 8C93      		st X,r24
  90 0032 6283      		std Z+2,r22
  91 0034 4183      		std Z+1,r20
  92 0036 8081      		ld r24,Z
  93 0038 8160      		ori r24,lo8(1<<0)
  94 003a 8083      		st Z,r24
  95 003c 1482      		std Z+4,__zero_reg__
  96 003e 1382      		std Z+3,__zero_reg__
  97 0040 81E0      		ldi r24,lo8(1)
  98               	/* epilogue start */
  99 0042 DF91      		pop r29
 100 0044 CF91      		pop r28
 101 0046 0895      		ret
 103               		.section	.text._ZN6Timer27setModeENS_4ModeE,"ax",@progbits
 104               	.global	_ZN6Timer27setModeENS_4ModeE
 106               	_ZN6Timer27setModeENS_4ModeE:
 107 0000 CF93      		push r28
 108 0002 DF93      		push r29
 109               	/* prologue: function */
 110               	/* frame size = 0 */
 111               	/* stack size = 2 */
 112               	.L__stack_usage = 2
 113 0004 E82F      		mov r30,r24
 114 0006 F92F      		mov r31,r25
 115 0008 C0EB      		ldi r28,lo8(-80)
 116 000a D0E0      		ldi r29,0
 117 000c 8881      		ld r24,Y
 118 000e A1EB      		ldi r26,lo8(-79)
 119 0010 B0E0      		ldi r27,0
 120 0012 2C91      		ld r18,X
 121 0014 962F      		mov r25,r22
 122 0016 9370      		andi r25,lo8(3)
 123 0018 8C7F      		andi r24,lo8(-4)
GAS LISTING C:\Users\ANDRLU~1\AppData\Local\Temp\ccwmUWkD.s 			page 3


 124 001a 982B      		or r25,r24
 125 001c 862F      		mov r24,r22
 126 001e 8695      		lsr r24
 127 0020 8695      		lsr r24
 128 0022 880F      		lsl r24
 129 0024 880F      		lsl r24
 130 0026 880F      		lsl r24
 131 0028 277F      		andi r18,lo8(-9)
 132 002a 822B      		or r24,r18
 133 002c 9883      		st Y,r25
 134 002e 8C93      		st X,r24
 135 0030 6283      		std Z+2,r22
 136 0032 1482      		std Z+4,__zero_reg__
 137 0034 1382      		std Z+3,__zero_reg__
 138 0036 81E0      		ldi r24,lo8(1)
 139               	/* epilogue start */
 140 0038 DF91      		pop r29
 141 003a CF91      		pop r28
 142 003c 0895      		ret
 144               		.section	.text._ZN6Timer214setClockSourceENS_11ClockSourceE,"ax",@progbits
 145               	.global	_ZN6Timer214setClockSourceENS_11ClockSourceE
 147               	_ZN6Timer214setClockSourceENS_11ClockSourceE:
 148               	/* prologue: function */
 149               	/* frame size = 0 */
 150               	/* stack size = 0 */
 151               	.L__stack_usage = 0
 152 0000 E82F      		mov r30,r24
 153 0002 F92F      		mov r31,r25
 154 0004 A1EB      		ldi r26,lo8(-79)
 155 0006 B0E0      		ldi r27,0
 156 0008 8C91      		ld r24,X
 157 000a 887F      		andi r24,lo8(-8)
 158 000c 862B      		or r24,r22
 159 000e 8C93      		st X,r24
 160 0010 6183      		std Z+1,r22
 161 0012 1482      		std Z+4,__zero_reg__
 162 0014 1382      		std Z+3,__zero_reg__
 163 0016 81E0      		ldi r24,lo8(1)
 164               	/* epilogue start */
 165 0018 0895      		ret
 167               		.section	.text._ZN6Timer213setOutputModeENS_10OutputModeES0_,"ax",@progbits
 168               	.global	_ZN6Timer213setOutputModeENS_10OutputModeES0_
 170               	_ZN6Timer213setOutputModeENS_10OutputModeES0_:
 171               	/* prologue: function */
 172               	/* frame size = 0 */
 173               	/* stack size = 0 */
 174               	.L__stack_usage = 0
 175 0000 DC01      		movw r26,r24
 176 0002 E0EB      		ldi r30,lo8(-80)
 177 0004 F0E0      		ldi r31,0
 178 0006 9081      		ld r25,Z
 179 0008 80E4      		ldi r24,lo8(64)
 180 000a 689F      		mul r22,r24
 181 000c B001      		movw r22,r0
 182 000e 1124      		clr __zero_reg__
 183 0010 9F73      		andi r25,lo8(63)
 184 0012 692B      		or r22,r25
GAS LISTING C:\Users\ANDRLU~1\AppData\Local\Temp\ccwmUWkD.s 			page 4


 185 0014 6F7C      		andi r22,lo8(-49)
 186 0016 80E1      		ldi r24,lo8(16)
 187 0018 489F      		mul r20,r24
 188 001a A001      		movw r20,r0
 189 001c 1124      		clr __zero_reg__
 190 001e 462B      		or r20,r22
 191 0020 4083      		st Z,r20
 192 0022 1496      		adiw r26,3+1
 193 0024 1C92      		st X,__zero_reg__
 194 0026 1E92      		st -X,__zero_reg__
 195 0028 1397      		sbiw r26,3
 196 002a 81E0      		ldi r24,lo8(1)
 197               	/* epilogue start */
 198 002c 0895      		ret
 200               		.section	.text._ZN6Timer212getLastErrorEv,"ax",@progbits
 201               	.global	_ZN6Timer212getLastErrorEv
 203               	_ZN6Timer212getLastErrorEv:
 204               	/* prologue: function */
 205               	/* frame size = 0 */
 206               	/* stack size = 0 */
 207               	.L__stack_usage = 0
 208 0000 FC01      		movw r30,r24
 209 0002 8381      		ldd r24,Z+3
 210 0004 9481      		ldd r25,Z+4
 211               	/* epilogue start */
 212 0006 0895      		ret
 214               		.section	.text._Z22timer2CompareACallbackv,"ax",@progbits
 215               		.weak	_Z22timer2CompareACallbackv
 217               	_Z22timer2CompareACallbackv:
 218               	/* prologue: function */
 219               	/* frame size = 0 */
 220               	/* stack size = 0 */
 221               	.L__stack_usage = 0
 222               	/* epilogue start */
 223 0000 0895      		ret
 225               		.section	.text._Z22timer2CompareBCallbackv,"ax",@progbits
 226               		.weak	_Z22timer2CompareBCallbackv
 228               	_Z22timer2CompareBCallbackv:
 229               	/* prologue: function */
 230               	/* frame size = 0 */
 231               	/* stack size = 0 */
 232               	.L__stack_usage = 0
 233               	/* epilogue start */
 234 0000 0895      		ret
 236               		.section	.text._Z22timer2OverflowCallbackv,"ax",@progbits
 237               		.weak	_Z22timer2OverflowCallbackv
 239               	_Z22timer2OverflowCallbackv:
 240               	/* prologue: function */
 241               	/* frame size = 0 */
 242               	/* stack size = 0 */
 243               	.L__stack_usage = 0
 244               	/* epilogue start */
 245 0000 0895      		ret
 247               		.section	.text.__vector_7,"ax",@progbits
 248               	.global	__vector_7
 250               	__vector_7:
 251 0000 1F92      		push r1
GAS LISTING C:\Users\ANDRLU~1\AppData\Local\Temp\ccwmUWkD.s 			page 5


 252 0002 0F92      		push r0
 253 0004 0FB6      		in r0,__SREG__
 254 0006 0F92      		push r0
 255 0008 1124      		clr __zero_reg__
 256 000a 2F93      		push r18
 257 000c 3F93      		push r19
 258 000e 4F93      		push r20
 259 0010 5F93      		push r21
 260 0012 6F93      		push r22
 261 0014 7F93      		push r23
 262 0016 8F93      		push r24
 263 0018 9F93      		push r25
 264 001a AF93      		push r26
 265 001c BF93      		push r27
 266 001e EF93      		push r30
 267 0020 FF93      		push r31
 268               	/* prologue: Signal */
 269               	/* frame size = 0 */
 270               	/* stack size = 15 */
 271               	.L__stack_usage = 15
 272 0022 0E94 0000 		call _Z22timer2CompareACallbackv
 273               	/* epilogue start */
 274 0026 FF91      		pop r31
 275 0028 EF91      		pop r30
 276 002a BF91      		pop r27
 277 002c AF91      		pop r26
 278 002e 9F91      		pop r25
 279 0030 8F91      		pop r24
 280 0032 7F91      		pop r23
 281 0034 6F91      		pop r22
 282 0036 5F91      		pop r21
 283 0038 4F91      		pop r20
 284 003a 3F91      		pop r19
 285 003c 2F91      		pop r18
 286 003e 0F90      		pop r0
 287 0040 0FBE      		out __SREG__,r0
 288 0042 0F90      		pop r0
 289 0044 1F90      		pop r1
 290 0046 1895      		reti
 292               		.section	.text.__vector_8,"ax",@progbits
 293               	.global	__vector_8
 295               	__vector_8:
 296 0000 1F92      		push r1
 297 0002 0F92      		push r0
 298 0004 0FB6      		in r0,__SREG__
 299 0006 0F92      		push r0
 300 0008 1124      		clr __zero_reg__
 301 000a 2F93      		push r18
 302 000c 3F93      		push r19
 303 000e 4F93      		push r20
 304 0010 5F93      		push r21
 305 0012 6F93      		push r22
 306 0014 7F93      		push r23
 307 0016 8F93      		push r24
 308 0018 9F93      		push r25
 309 001a AF93      		push r26
 310 001c BF93      		push r27
GAS LISTING C:\Users\ANDRLU~1\AppData\Local\Temp\ccwmUWkD.s 			page 6


 311 001e EF93      		push r30
 312 0020 FF93      		push r31
 313               	/* prologue: Signal */
 314               	/* frame size = 0 */
 315               	/* stack size = 15 */
 316               	.L__stack_usage = 15
 317 0022 0E94 0000 		call _Z22timer2CompareBCallbackv
 318               	/* epilogue start */
 319 0026 FF91      		pop r31
 320 0028 EF91      		pop r30
 321 002a BF91      		pop r27
 322 002c AF91      		pop r26
 323 002e 9F91      		pop r25
 324 0030 8F91      		pop r24
 325 0032 7F91      		pop r23
 326 0034 6F91      		pop r22
 327 0036 5F91      		pop r21
 328 0038 4F91      		pop r20
 329 003a 3F91      		pop r19
 330 003c 2F91      		pop r18
 331 003e 0F90      		pop r0
 332 0040 0FBE      		out __SREG__,r0
 333 0042 0F90      		pop r0
 334 0044 1F90      		pop r1
 335 0046 1895      		reti
 337               		.section	.text.__vector_9,"ax",@progbits
 338               	.global	__vector_9
 340               	__vector_9:
 341 0000 1F92      		push r1
 342 0002 0F92      		push r0
 343 0004 0FB6      		in r0,__SREG__
 344 0006 0F92      		push r0
 345 0008 1124      		clr __zero_reg__
 346 000a 2F93      		push r18
 347 000c 3F93      		push r19
 348 000e 4F93      		push r20
 349 0010 5F93      		push r21
 350 0012 6F93      		push r22
 351 0014 7F93      		push r23
 352 0016 8F93      		push r24
 353 0018 9F93      		push r25
 354 001a AF93      		push r26
 355 001c BF93      		push r27
 356 001e EF93      		push r30
 357 0020 FF93      		push r31
 358               	/* prologue: Signal */
 359               	/* frame size = 0 */
 360               	/* stack size = 15 */
 361               	.L__stack_usage = 15
 362 0022 0E94 0000 		call _Z22timer2OverflowCallbackv
 363               	/* epilogue start */
 364 0026 FF91      		pop r31
 365 0028 EF91      		pop r30
 366 002a BF91      		pop r27
 367 002c AF91      		pop r26
 368 002e 9F91      		pop r25
 369 0030 8F91      		pop r24
GAS LISTING C:\Users\ANDRLU~1\AppData\Local\Temp\ccwmUWkD.s 			page 7


 370 0032 7F91      		pop r23
 371 0034 6F91      		pop r22
 372 0036 5F91      		pop r21
 373 0038 4F91      		pop r20
 374 003a 3F91      		pop r19
 375 003c 2F91      		pop r18
 376 003e 0F90      		pop r0
 377 0040 0FBE      		out __SREG__,r0
 378 0042 0F90      		pop r0
 379 0044 1F90      		pop r1
 380 0046 1895      		reti
 382               		.section	.text._GLOBAL__sub_I_timer2,"ax",@progbits
 384               	_GLOBAL__sub_I_timer2:
 385               	/* prologue: function */
 386               	/* frame size = 0 */
 387               	/* stack size = 0 */
 388               	.L__stack_usage = 0
 389 0000 80E0      		ldi r24,lo8(timer2)
 390 0002 90E0      		ldi r25,hi8(timer2)
 391 0004 0E94 0000 		call _ZN6Timer2C1Ev
 392               	/* epilogue start */
 393 0008 0895      		ret
 395               		.global __do_global_ctors
 396               		.section .ctors,"a",@progbits
 397               		.p2align	1
 398 0000 0000      		.word	gs(_GLOBAL__sub_I_timer2)
 399               	.global	timer2
 400               		.section	.bss.timer2,"aw",@nobits
 403               	timer2:
 404 0000 0000 0000 		.zero	5
 404      00
 405               		.ident	"GCC: (GNU) 12.1.0"
 406               	.global __do_clear_bss
GAS LISTING C:\Users\ANDRLU~1\AppData\Local\Temp\ccwmUWkD.s 			page 8


DEFINED SYMBOLS
                            *ABS*:0000000000000000 timer2.cpp
C:\Users\ANDRLU~1\AppData\Local\Temp\ccwmUWkD.s:2      *ABS*:000000000000003e __SP_H__
C:\Users\ANDRLU~1\AppData\Local\Temp\ccwmUWkD.s:3      *ABS*:000000000000003d __SP_L__
C:\Users\ANDRLU~1\AppData\Local\Temp\ccwmUWkD.s:4      *ABS*:000000000000003f __SREG__
C:\Users\ANDRLU~1\AppData\Local\Temp\ccwmUWkD.s:5      *ABS*:0000000000000000 __tmp_reg__
C:\Users\ANDRLU~1\AppData\Local\Temp\ccwmUWkD.s:6      *ABS*:0000000000000001 __zero_reg__
C:\Users\ANDRLU~1\AppData\Local\Temp\ccwmUWkD.s:11     .text._Z7getTickv:0000000000000000 _Z7getTickv
C:\Users\ANDRLU~1\AppData\Local\Temp\ccwmUWkD.s:25     .text._ZN6Timer2C2Ev:0000000000000000 _ZN6Timer2C2Ev
C:\Users\ANDRLU~1\AppData\Local\Temp\ccwmUWkD.s:25     .text._ZN6Timer2C2Ev:0000000000000000 _ZN6Timer2C1Ev
C:\Users\ANDRLU~1\AppData\Local\Temp\ccwmUWkD.s:47     .text._ZN6Timer2D2Ev:0000000000000000 _ZN6Timer2D2Ev
C:\Users\ANDRLU~1\AppData\Local\Temp\ccwmUWkD.s:47     .text._ZN6Timer2D2Ev:0000000000000000 _ZN6Timer2D1Ev
C:\Users\ANDRLU~1\AppData\Local\Temp\ccwmUWkD.s:60     .text._ZN6Timer24initENS_4ModeENS_11ClockSourceE:0000000000000000 _ZN6Timer24initENS_4ModeENS_11ClockSourceE
C:\Users\ANDRLU~1\AppData\Local\Temp\ccwmUWkD.s:106    .text._ZN6Timer27setModeENS_4ModeE:0000000000000000 _ZN6Timer27setModeENS_4ModeE
C:\Users\ANDRLU~1\AppData\Local\Temp\ccwmUWkD.s:147    .text._ZN6Timer214setClockSourceENS_11ClockSourceE:0000000000000000 _ZN6Timer214setClockSourceENS_11ClockSourceE
C:\Users\ANDRLU~1\AppData\Local\Temp\ccwmUWkD.s:170    .text._ZN6Timer213setOutputModeENS_10OutputModeES0_:0000000000000000 _ZN6Timer213setOutputModeENS_10OutputModeES0_
C:\Users\ANDRLU~1\AppData\Local\Temp\ccwmUWkD.s:203    .text._ZN6Timer212getLastErrorEv:0000000000000000 _ZN6Timer212getLastErrorEv
C:\Users\ANDRLU~1\AppData\Local\Temp\ccwmUWkD.s:217    .text._Z22timer2CompareACallbackv:0000000000000000 _Z22timer2CompareACallbackv
C:\Users\ANDRLU~1\AppData\Local\Temp\ccwmUWkD.s:228    .text._Z22timer2CompareBCallbackv:0000000000000000 _Z22timer2CompareBCallbackv
C:\Users\ANDRLU~1\AppData\Local\Temp\ccwmUWkD.s:239    .text._Z22timer2OverflowCallbackv:0000000000000000 _Z22timer2OverflowCallbackv
C:\Users\ANDRLU~1\AppData\Local\Temp\ccwmUWkD.s:250    .text.__vector_7:0000000000000000 __vector_7
C:\Users\ANDRLU~1\AppData\Local\Temp\ccwmUWkD.s:295    .text.__vector_8:0000000000000000 __vector_8
C:\Users\ANDRLU~1\AppData\Local\Temp\ccwmUWkD.s:340    .text.__vector_9:0000000000000000 __vector_9
C:\Users\ANDRLU~1\AppData\Local\Temp\ccwmUWkD.s:384    .text._GLOBAL__sub_I_timer2:0000000000000000 _GLOBAL__sub_I_timer2
C:\Users\ANDRLU~1\AppData\Local\Temp\ccwmUWkD.s:403    .bss.timer2:0000000000000000 timer2

UNDEFINED SYMBOLS
__do_global_ctors
__do_clear_bss
