GAS LISTING C:\Users\ANDRLU~1\AppData\Local\Temp\ccTKBgvk.s 			page 1


   1               		.file	"twi.cpp"
   2               	__SP_H__ = 0x3e
   3               	__SP_L__ = 0x3d
   4               	__SREG__ = 0x3f
   5               	__tmp_reg__ = 0
   6               	__zero_reg__ = 1
   7               		.text
   8               		.section	.text._ZN3Bus8sendDataEPhj,"axG",@progbits,_ZN3Bus8sendDataEPhj,comdat
   9               		.weak	_ZN3Bus8sendDataEPhj
  11               	_ZN3Bus8sendDataEPhj:
  12               	/* prologue: function */
  13               	/* frame size = 0 */
  14               	/* stack size = 0 */
  15               	.L__stack_usage = 0
  16 0000 27E0      		ldi r18,lo8(7)
  17 0002 30E0      		ldi r19,0
  18 0004 FC01      		movw r30,r24
  19 0006 3383      		std Z+3,r19
  20 0008 2283      		std Z+2,r18
  21 000a 80E0      		ldi r24,0
  22               	/* epilogue start */
  23 000c 0895      		ret
  25               		.section	.text._ZN3Bus8sendDataEPKhPhj,"axG",@progbits,_ZN3Bus8sendDataEPKhPhj,comdat
  26               		.weak	_ZN3Bus8sendDataEPKhPhj
  28               	_ZN3Bus8sendDataEPKhPhj:
  29               	/* prologue: function */
  30               	/* frame size = 0 */
  31               	/* stack size = 0 */
  32               	.L__stack_usage = 0
  33 0000 27E0      		ldi r18,lo8(7)
  34 0002 30E0      		ldi r19,0
  35 0004 FC01      		movw r30,r24
  36 0006 3383      		std Z+3,r19
  37 0008 2283      		std Z+2,r18
  38 000a 80E0      		ldi r24,0
  39               	/* epilogue start */
  40 000c 0895      		ret
  42               		.section	.text._ZN3Bus9setDeviceEPFvvES1_,"axG",@progbits,_ZN3Bus9setDeviceEPFvvES1_,comdat
  43               		.weak	_ZN3Bus9setDeviceEPFvvES1_
  45               	_ZN3Bus9setDeviceEPFvvES1_:
  46               	/* prologue: function */
  47               	/* frame size = 0 */
  48               	/* stack size = 0 */
  49               	.L__stack_usage = 0
  50 0000 27E0      		ldi r18,lo8(7)
  51 0002 30E0      		ldi r19,0
  52 0004 FC01      		movw r30,r24
  53 0006 3383      		std Z+3,r19
  54 0008 2283      		std Z+2,r18
  55 000a 80E0      		ldi r24,0
  56               	/* epilogue start */
  57 000c 0895      		ret
  59               		.section	.text._ZN3Twi9setDeviceEjb,"ax",@progbits
  60               	.global	_ZN3Twi9setDeviceEjb
  62               	_ZN3Twi9setDeviceEjb:
  63               	/* prologue: function */
  64               	/* frame size = 0 */
GAS LISTING C:\Users\ANDRLU~1\AppData\Local\Temp\ccTKBgvk.s 			page 2


  65               	/* stack size = 0 */
  66               	.L__stack_usage = 0
  67 0000 E82F      		mov r30,r24
  68 0002 F92F      		mov r31,r25
  69 0004 862F      		mov r24,r22
  70 0006 8295      		swap r24
  71 0008 880F      		lsl r24
  72 000a 807E      		andi r24,lo8(-32)
  73 000c 9585      		ldd r25,Z+13
  74 000e 9F71      		andi r25,lo8(31)
  75 0010 892B      		or r24,r25
  76 0012 8587      		std Z+13,r24
  77 0014 6695      		lsr r22
  78 0016 6695      		lsr r22
  79 0018 6695      		lsr r22
  80 001a 8685      		ldd r24,Z+14
  81 001c 8078      		andi r24,lo8(-128)
  82 001e 7370      		andi r23,lo8(3)
  83 0020 7295      		swap r23
  84 0022 770F      		lsl r23
  85 0024 707E      		andi r23,lo8(-32)
  86 0026 682B      		or r22,r24
  87 0028 672B      		or r22,r23
  88 002a 6687      		std Z+14,r22
  89 002c 8681      		ldd r24,Z+6
  90 002e 40FB      		bst r20,0
  91 0030 80F9      		bld r24,0
  92 0032 8683      		std Z+6,r24
  93 0034 8481      		ldd r24,Z+4
  94 0036 8160      		ori r24,lo8(1<<0)
  95 0038 8483      		std Z+4,r24
  96 003a 1086      		std Z+8,__zero_reg__
  97 003c 1782      		std Z+7,__zero_reg__
  98 003e 81E0      		ldi r24,lo8(1)
  99               	/* epilogue start */
 100 0040 0895      		ret
 102               		.section	.text._ZN3Twi10getBusTypeEv,"ax",@progbits
 103               	.global	_ZN3Twi10getBusTypeEv
 105               	_ZN3Twi10getBusTypeEv:
 106               	/* prologue: function */
 107               	/* frame size = 0 */
 108               	/* stack size = 0 */
 109               	.L__stack_usage = 0
 110 0000 85E0      		ldi r24,lo8(5)
 111 0002 90E0      		ldi r25,0
 112               	/* epilogue start */
 113 0004 0895      		ret
 115               		.section	.text._ZN3Twi12getLastErrorEv,"ax",@progbits
 116               	.global	_ZN3Twi12getLastErrorEv
 118               	_ZN3Twi12getLastErrorEv:
 119               	/* prologue: function */
 120               	/* frame size = 0 */
 121               	/* stack size = 0 */
 122               	.L__stack_usage = 0
 123 0000 FC01      		movw r30,r24
 124 0002 8781      		ldd r24,Z+7
 125 0004 9085      		ldd r25,Z+8
GAS LISTING C:\Users\ANDRLU~1\AppData\Local\Temp\ccTKBgvk.s 			page 3


 126               	/* epilogue start */
 127 0006 0895      		ret
 129               		.section	.text._Z7getTickv,"ax",@progbits
 130               		.weak	_Z7getTickv
 132               	_Z7getTickv:
 133               	/* prologue: function */
 134               	/* frame size = 0 */
 135               	/* stack size = 0 */
 136               	.L__stack_usage = 0
 137 0000 60E0      		ldi r22,0
 138 0002 70E0      		ldi r23,0
 139 0004 CB01      		movw r24,r22
 140               	/* epilogue start */
 141 0006 0895      		ret
 143               		.section	.text._ZN3TwiC2Ev,"ax",@progbits
 144               	.global	_ZN3TwiC2Ev
 146               	_ZN3TwiC2Ev:
 147               	/* prologue: function */
 148               	/* frame size = 0 */
 149               	/* stack size = 0 */
 150               	.L__stack_usage = 0
 151 0000 E82F      		mov r30,r24
 152 0002 F92F      		mov r31,r25
 153 0004 80E0      		ldi r24,lo8(_ZTV3Twi+4)
 154 0006 90E0      		ldi r25,hi8(_ZTV3Twi+4)
 155 0008 9183      		std Z+1,r25
 156 000a 8083      		st Z,r24
 157 000c 128A      		std Z+18,__zero_reg__
 158 000e 118A      		std Z+17,__zero_reg__
 159 0010 1386      		std Z+11,__zero_reg__
 160 0012 1486      		std Z+12,__zero_reg__
 161 0014 8585      		ldd r24,Z+13
 162 0016 807E      		andi r24,lo8(-32)
 163 0018 8587      		std Z+13,r24
 164 001a 8481      		ldd r24,Z+4
 165 001c 8D7F      		andi r24,lo8(-3)
 166 001e 8B7F      		andi r24,lo8(~(1<<2))
 167 0020 8483      		std Z+4,r24
 168 0022 84E1      		ldi r24,lo8(20)
 169 0024 90E0      		ldi r25,0
 170 0026 908B      		std Z+16,r25
 171 0028 8787      		std Z+15,r24
 172 002a 1086      		std Z+8,__zero_reg__
 173 002c 1782      		std Z+7,__zero_reg__
 174               	/* epilogue start */
 175 002e 0895      		ret
 177               	.global	_ZN3TwiC1Ev
 178               		.set	_ZN3TwiC1Ev,_ZN3TwiC2Ev
 179               		.section	.text._ZN3TwiD2Ev,"ax",@progbits
 180               	.global	_ZN3TwiD2Ev
 182               	_ZN3TwiD2Ev:
 183               	/* prologue: function */
 184               	/* frame size = 0 */
 185               	/* stack size = 0 */
 186               	.L__stack_usage = 0
 187               	/* epilogue start */
 188 0000 0895      		ret
GAS LISTING C:\Users\ANDRLU~1\AppData\Local\Temp\ccTKBgvk.s 			page 4


 190               	.global	_ZN3TwiD1Ev
 191               		.set	_ZN3TwiD1Ev,_ZN3TwiD2Ev
 192               		.section	.text._ZN3Twi4initEmh,"ax",@progbits
 193               	.global	_ZN3Twi4initEmh
 195               	_ZN3Twi4initEmh:
 196 0000 CF92      		push r12
 197 0002 DF92      		push r13
 198 0004 EF92      		push r14
 199 0006 FF92      		push r15
 200 0008 1F93      		push r17
 201 000a CF93      		push r28
 202 000c DF93      		push r29
 203 000e 00D0      		rcall .
 204 0010 00D0      		rcall .
 205 0012 00D0      		rcall .
 206 0014 CDB7      		in r28,__SP_L__
 207 0016 DEB7      		in r29,__SP_H__
 208               	/* prologue: function */
 209               	/* frame size = 6 */
 210               	/* stack size = 13 */
 211               	.L__stack_usage = 13
 212 0018 8D83      		std Y+5,r24
 213 001a 9E83      		std Y+6,r25
 214 001c C42E      		mov r12,r20
 215 001e D52E      		mov r13,r21
 216 0020 E62E      		mov r14,r22
 217 0022 F72E      		mov r15,r23
 218 0024 122F      		mov r17,r18
 219 0026 ECEB      		ldi r30,lo8(-68)
 220 0028 F0E0      		ldi r31,0
 221 002a 8081      		ld r24,Z
 222 002c 8B7F      		andi r24,lo8(-5)
 223 002e 8083      		st Z,r24
 224 0030 1082      		st Z,__zero_reg__
 225 0032 1092 B900 		sts 185,__zero_reg__
 226 0036 1092 B800 		sts 184,__zero_reg__
 227 003a 1092 BA00 		sts 186,__zero_reg__
 228 003e 1092 BD00 		sts 189,__zero_reg__
 229 0042 88EE      		ldi r24,-24
 230 0044 C816      		cp r12,r24
 231 0046 83E0      		ldi r24,3
 232 0048 D806      		cpc r13,r24
 233 004a E104      		cpc r14,__zero_reg__
 234 004c F104      		cpc r15,__zero_reg__
 235 004e 00F4      		brsh .+2
 236 0050 00C0      		rjmp .L17
 237 0052 E1E8      		ldi r30,-127
 238 0054 CE16      		cp r12,r30
 239 0056 EAE1      		ldi r30,26
 240 0058 DE06      		cpc r13,r30
 241 005a E6E0      		ldi r30,6
 242 005c EE06      		cpc r14,r30
 243 005e F104      		cpc r15,__zero_reg__
 244 0060 00F0      		brlo .+2
 245 0062 00C0      		rjmp .L18
 246 0064 2A30      		cpi r18,lo8(10)
 247 0066 00F4      		brsh .+2
GAS LISTING C:\Users\ANDRLU~1\AppData\Local\Temp\ccTKBgvk.s 			page 5


 248 0068 00C0      		rjmp .L19
 249 006a 2536      		cpi r18,lo8(101)
 250 006c 00F0      		brlo .+2
 251 006e 00C0      		rjmp .L20
 252 0070 ED81      		ldd r30,Y+5
 253 0072 FE81      		ldd r31,Y+6
 254 0074 8189      		ldd r24,Z+17
 255 0076 9289      		ldd r25,Z+18
 256 0078 0097      		sbiw r24,0
 257 007a 01F0      		breq .L12
 258 007c 0E94 0000 		call free
 259               	.L12:
 260 0080 812F      		mov r24,r17
 261 0082 90E0      		ldi r25,0
 262 0084 61E0      		ldi r22,lo8(1)
 263 0086 70E0      		ldi r23,0
 264 0088 0296      		adiw r24,2
 265 008a 0E94 0000 		call calloc
 266 008e 282F      		mov r18,r24
 267 0090 392F      		mov r19,r25
 268 0092 ED81      		ldd r30,Y+5
 269 0094 FE81      		ldd r31,Y+6
 270 0096 328B      		std Z+18,r19
 271 0098 218B      		std Z+17,r18
 272 009a 232B      		or r18,r19
 273 009c 01F4      		brne .+2
 274 009e 00C0      		rjmp .L21
 275 00a0 1E5F      		subi r17,lo8(-(2))
 276 00a2 912F      		mov r25,r17
 277 00a4 9695      		lsr r25
 278 00a6 9695      		lsr r25
 279 00a8 9F71      		andi r25,lo8(31)
 280 00aa 8585      		ldd r24,Z+13
 281 00ac 807E      		andi r24,lo8(-32)
 282 00ae 892B      		or r24,r25
 283 00b0 8587      		std Z+13,r24
 284 00b2 1386      		std Z+11,__zero_reg__
 285 00b4 1295      		swap r17
 286 00b6 110F      		lsl r17
 287 00b8 110F      		lsl r17
 288 00ba 107C      		andi r17,lo8(-64)
 289 00bc 1487      		std Z+12,r17
 290 00be 80E0      		ldi r24,lo8(systemStatus)
 291 00c0 90E0      		ldi r25,hi8(systemStatus)
 292 00c2 0E94 0000 		call _ZN12SystemStatus11getCpuClockEv
 293 00c6 6983      		std Y+1,r22
 294 00c8 7A83      		std Y+2,r23
 295 00ca 8B83      		std Y+3,r24
 296 00cc 9C83      		std Y+4,r25
 297 00ce A701      		movw r20,r14
 298 00d0 9601      		movw r18,r12
 299 00d2 0E94 0000 		call __udivmodsi4
 300 00d6 2051      		subi r18,16
 301 00d8 3109      		sbc r19,__zero_reg__
 302 00da 2115      		cp r18,__zero_reg__
 303 00dc F2E0      		ldi r31,2
 304 00de 3F07      		cpc r19,r31
GAS LISTING C:\Users\ANDRLU~1\AppData\Local\Temp\ccTKBgvk.s 			page 6


 305 00e0 00F4      		brsh .L13
 306 00e2 3695      		lsr r19
 307 00e4 2795      		ror r18
 308               	.L14:
 309 00e6 2093 B800 		sts 184,r18
 310 00ea 8FEF      		ldi r24,lo8(-1)
 311 00ec 8093 BB00 		sts 187,r24
 312 00f0 ECEB      		ldi r30,lo8(-68)
 313 00f2 F0E0      		ldi r31,0
 314 00f4 8081      		ld r24,Z
 315 00f6 8460      		ori r24,lo8(4)
 316 00f8 8083      		st Z,r24
 317 00fa ED81      		ldd r30,Y+5
 318 00fc FE81      		ldd r31,Y+6
 319 00fe 8481      		ldd r24,Z+4
 320 0100 8260      		ori r24,lo8(1<<1)
 321 0102 8483      		std Z+4,r24
 322 0104 20E0      		ldi r18,0
 323 0106 30E0      		ldi r19,0
 324 0108 81E0      		ldi r24,lo8(1)
 325 010a 00C0      		rjmp .L11
 326               	.L13:
 327 010c 2A3F      		cpi r18,-6
 328 010e 87E0      		ldi r24,7
 329 0110 3807      		cpc r19,r24
 330 0112 00F4      		brsh .L15
 331 0114 3695      		lsr r19
 332 0116 2795      		ror r18
 333 0118 3695      		lsr r19
 334 011a 2795      		ror r18
 335 011c 3695      		lsr r19
 336 011e 2795      		ror r18
 337 0120 E9EB      		ldi r30,lo8(-71)
 338 0122 F0E0      		ldi r31,0
 339 0124 8081      		ld r24,Z
 340 0126 8160      		ori r24,lo8(1)
 341 0128 8083      		st Z,r24
 342 012a 00C0      		rjmp .L14
 343               	.L15:
 344 012c 223E      		cpi r18,-30
 345 012e EFE1      		ldi r30,31
 346 0130 3E07      		cpc r19,r30
 347 0132 00F4      		brsh .L16
 348 0134 3695      		lsr r19
 349 0136 2795      		ror r18
 350 0138 3295      		swap r19
 351 013a 2295      		swap r18
 352 013c 2F70      		andi r18,0x0f
 353 013e 2327      		eor r18,r19
 354 0140 3F70      		andi r19,0x0f
 355 0142 2327      		eor r18,r19
 356 0144 E9EB      		ldi r30,lo8(-71)
 357 0146 F0E0      		ldi r31,0
 358 0148 8081      		ld r24,Z
 359 014a 8260      		ori r24,lo8(2)
 360 014c 8083      		st Z,r24
 361 014e 00C0      		rjmp .L14
GAS LISTING C:\Users\ANDRLU~1\AppData\Local\Temp\ccTKBgvk.s 			page 7


 362               	.L16:
 363 0150 2238      		cpi r18,-126
 364 0152 FFE7      		ldi r31,127
 365 0154 3F07      		cpc r19,r31
 366 0156 00F4      		brsh .L22
 367 0158 220F      		lsl r18
 368 015a 232F      		mov r18,r19
 369 015c 221F      		rol r18
 370 015e 330B      		sbc r19,r19
 371 0160 3195      		neg r19
 372 0162 E9EB      		ldi r30,lo8(-71)
 373 0164 F0E0      		ldi r31,0
 374 0166 8081      		ld r24,Z
 375 0168 8360      		ori r24,lo8(3)
 376 016a 8083      		st Z,r24
 377 016c 00C0      		rjmp .L14
 378               	.L22:
 379 016e 20E0      		ldi r18,0
 380 0170 00C0      		rjmp .L14
 381               	.L17:
 382 0172 23E3      		ldi r18,lo8(51)
 383 0174 30E0      		ldi r19,0
 384 0176 80E0      		ldi r24,0
 385               	.L11:
 386 0178 ED81      		ldd r30,Y+5
 387 017a FE81      		ldd r31,Y+6
 388 017c 3087      		std Z+8,r19
 389 017e 2783      		std Z+7,r18
 390               	/* epilogue start */
 391 0180 0F90      		pop __tmp_reg__
 392 0182 0F90      		pop __tmp_reg__
 393 0184 0F90      		pop __tmp_reg__
 394 0186 0F90      		pop __tmp_reg__
 395 0188 0F90      		pop __tmp_reg__
 396 018a 0F90      		pop __tmp_reg__
 397 018c DF91      		pop r29
 398 018e CF91      		pop r28
 399 0190 1F91      		pop r17
 400 0192 FF90      		pop r15
 401 0194 EF90      		pop r14
 402 0196 DF90      		pop r13
 403 0198 CF90      		pop r12
 404 019a 0895      		ret
 405               	.L18:
 406 019c 22E3      		ldi r18,lo8(50)
 407 019e 30E0      		ldi r19,0
 408 01a0 80E0      		ldi r24,0
 409 01a2 00C0      		rjmp .L11
 410               	.L19:
 411 01a4 26E2      		ldi r18,lo8(38)
 412 01a6 30E0      		ldi r19,0
 413 01a8 80E0      		ldi r24,0
 414 01aa 00C0      		rjmp .L11
 415               	.L20:
 416 01ac 25E2      		ldi r18,lo8(37)
 417 01ae 30E0      		ldi r19,0
 418 01b0 80E0      		ldi r24,0
GAS LISTING C:\Users\ANDRLU~1\AppData\Local\Temp\ccTKBgvk.s 			page 8


 419 01b2 00C0      		rjmp .L11
 420               	.L21:
 421 01b4 2BE0      		ldi r18,lo8(11)
 422 01b6 30E0      		ldi r19,0
 423 01b8 80E0      		ldi r24,0
 424 01ba 00C0      		rjmp .L11
 426               		.section	.text._ZN3Twi10setTimeoutEj,"ax",@progbits
 427               	.global	_ZN3Twi10setTimeoutEj
 429               	_ZN3Twi10setTimeoutEj:
 430               	/* prologue: function */
 431               	/* frame size = 0 */
 432               	/* stack size = 0 */
 433               	.L__stack_usage = 0
 434 0000 E82F      		mov r30,r24
 435 0002 F92F      		mov r31,r25
 436 0004 708B      		std Z+16,r23
 437 0006 6787      		std Z+15,r22
 438 0008 1086      		std Z+8,__zero_reg__
 439 000a 1782      		std Z+7,__zero_reg__
 440 000c 81E0      		ldi r24,lo8(1)
 441               	/* epilogue start */
 442 000e 0895      		ret
 444               		.section	.text._ZN3Twi16_waitWhileIsBusyEv,"ax",@progbits
 445               	.global	_ZN3Twi16_waitWhileIsBusyEv
 447               	_ZN3Twi16_waitWhileIsBusyEv:
 448 0000 CF92      		push r12
 449 0002 DF92      		push r13
 450 0004 EF92      		push r14
 451 0006 FF92      		push r15
 452 0008 0F93      		push r16
 453 000a 1F93      		push r17
 454 000c CF93      		push r28
 455 000e DF93      		push r29
 456 0010 00D0      		rcall .
 457 0012 00D0      		rcall .
 458 0014 CDB7      		in r28,__SP_L__
 459 0016 DEB7      		in r29,__SP_H__
 460               	/* prologue: function */
 461               	/* frame size = 4 */
 462               	/* stack size = 12 */
 463               	.L__stack_usage = 12
 464 0018 082F      		mov r16,r24
 465 001a 192F      		mov r17,r25
 466 001c D801      		movw r26,r16
 467 001e 1F96      		adiw r26,15
 468 0020 8D91      		ld r24,X+
 469 0022 9C91      		ld r25,X
 470 0024 CC24      		clr r12
 471 0026 CA94      		dec r12
 472 0028 DC2C      		mov r13,r12
 473 002a 7601      		movw r14,r12
 474 002c 892B      		or r24,r25
 475 002e 01F4      		brne .L31
 476               	.L27:
 477 0030 80E0      		ldi r24,lo8(systemStatus)
 478 0032 90E0      		ldi r25,hi8(systemStatus)
 479 0034 0E94 0000 		call _ZN12SystemStatus13readStopwatchEv
GAS LISTING C:\Users\ANDRLU~1\AppData\Local\Temp\ccTKBgvk.s 			page 9


 480 0038 6983      		std Y+1,r22
 481 003a 7A83      		std Y+2,r23
 482 003c 8B83      		std Y+3,r24
 483 003e 9C83      		std Y+4,r25
 484 0040 C616      		cp r12,r22
 485 0042 D706      		cpc r13,r23
 486 0044 E806      		cpc r14,r24
 487 0046 F906      		cpc r15,r25
 488 0048 00F0      		brlo .L29
 489 004a ACEB      		ldi r26,lo8(-68)
 490 004c B0E0      		ldi r27,0
 491 004e 8C91      		ld r24,X
 492 0050 80FD      		sbrc r24,0
 493 0052 00C0      		rjmp .L27
 494 0054 20E0      		ldi r18,0
 495 0056 30E0      		ldi r19,0
 496 0058 81E0      		ldi r24,lo8(1)
 497 005a 00C0      		rjmp .L26
 498               	.L31:
 499 005c 80E0      		ldi r24,lo8(systemStatus)
 500 005e 90E0      		ldi r25,hi8(systemStatus)
 501 0060 0E94 0000 		call _ZN12SystemStatus13readStopwatchEv
 502 0064 6983      		std Y+1,r22
 503 0066 7A83      		std Y+2,r23
 504 0068 8B83      		std Y+3,r24
 505 006a 9C83      		std Y+4,r25
 506 006c F801      		movw r30,r16
 507 006e 8785      		ldd r24,Z+15
 508 0070 9089      		ldd r25,Z+16
 509 0072 C980      		ldd r12,Y+1
 510 0074 DA80      		ldd r13,Y+2
 511 0076 EB80      		ldd r14,Y+3
 512 0078 FC80      		ldd r15,Y+4
 513 007a C80E      		add r12,r24
 514 007c D91E      		adc r13,r25
 515 007e E11C      		adc r14,__zero_reg__
 516 0080 F11C      		adc r15,__zero_reg__
 517 0082 00C0      		rjmp .L27
 518               	.L29:
 519 0084 23E4      		ldi r18,lo8(67)
 520 0086 30E0      		ldi r19,0
 521 0088 80E0      		ldi r24,0
 522               	.L26:
 523 008a F801      		movw r30,r16
 524 008c 3087      		std Z+8,r19
 525 008e 2783      		std Z+7,r18
 526               	/* epilogue start */
 527 0090 0F90      		pop __tmp_reg__
 528 0092 0F90      		pop __tmp_reg__
 529 0094 0F90      		pop __tmp_reg__
 530 0096 0F90      		pop __tmp_reg__
 531 0098 DF91      		pop r29
 532 009a CF91      		pop r28
 533 009c 1F91      		pop r17
 534 009e 0F91      		pop r16
 535 00a0 FF90      		pop r15
 536 00a2 EF90      		pop r14
GAS LISTING C:\Users\ANDRLU~1\AppData\Local\Temp\ccTKBgvk.s 			page 10


 537 00a4 DF90      		pop r13
 538 00a6 CF90      		pop r12
 539 00a8 0895      		ret
 541               		.section	.text._ZN3Twi17_startTrasmissionEv,"ax",@progbits
 542               	.global	_ZN3Twi17_startTrasmissionEv
 544               	_ZN3Twi17_startTrasmissionEv:
 545               	/* prologue: function */
 546               	/* frame size = 0 */
 547               	/* stack size = 0 */
 548               	.L__stack_usage = 0
 549 0000 E82F      		mov r30,r24
 550 0002 F92F      		mov r31,r25
 551 0004 8481      		ldd r24,Z+4
 552 0006 8B7F      		andi r24,lo8(~(1<<2))
 553 0008 8483      		std Z+4,r24
 554 000a 88EF      		ldi r24,lo8(-8)
 555 000c 90E0      		ldi r25,0
 556 000e 9287      		std Z+10,r25
 557 0010 8187      		std Z+9,r24
 558 0012 85EA      		ldi r24,lo8(-91)
 559 0014 8093 BC00 		sts 188,r24
 560 0018 1086      		std Z+8,__zero_reg__
 561 001a 1782      		std Z+7,__zero_reg__
 562 001c 81E0      		ldi r24,lo8(1)
 563               	/* epilogue start */
 564 001e 0895      		ret
 566               		.section	.text._ZN3Twi15_readFromBufferEPhh,"ax",@progbits
 567               	.global	_ZN3Twi15_readFromBufferEPhh
 569               	_ZN3Twi15_readFromBufferEPhh:
 570 0000 CF93      		push r28
 571 0002 DF93      		push r29
 572               	/* prologue: function */
 573               	/* frame size = 0 */
 574               	/* stack size = 2 */
 575               	.L__stack_usage = 2
 576 0004 C82F      		mov r28,r24
 577 0006 D92F      		mov r29,r25
 578 0008 E62F      		mov r30,r22
 579 000a F72F      		mov r31,r23
 580 000c 8C81      		ldd r24,Y+4
 581 000e 82FB      		bst r24,2
 582 0010 8827      		clr r24
 583 0012 80F9      		bld r24,0
 584 0014 20E4      		ldi r18,lo8(64)
 585 0016 30E0      		ldi r19,0
 586 0018 8823      		tst r24
 587 001a 01F0      		breq .L34
 588 001c 4423      		tst r20
 589 001e 01F0      		breq .L35
 590 0020 4E0F      		add r20,r30
 591 0022 5F2F      		mov r21,r31
 592 0024 511D      		adc r21,__zero_reg__
 593 0026 DF01      		movw r26,r30
 594 0028 21E0      		ldi r18,lo8(1)
 595 002a 30E0      		ldi r19,0
 596 002c 2E1B      		sub r18,r30
 597 002e 3F0B      		sbc r19,r31
GAS LISTING C:\Users\ANDRLU~1\AppData\Local\Temp\ccTKBgvk.s 			page 11


 598               	.L36:
 599 0030 E989      		ldd r30,Y+17
 600 0032 FA89      		ldd r31,Y+18
 601 0034 EA0F      		add r30,r26
 602 0036 FB1F      		adc r31,r27
 603 0038 E20F      		add r30,r18
 604 003a F31F      		adc r31,r19
 605 003c 9081      		ld r25,Z
 606 003e 9D93      		st X+,r25
 607 0040 A417      		cp r26,r20
 608 0042 B507      		cpc r27,r21
 609 0044 01F4      		brne .L36
 610               	.L35:
 611 0046 20E0      		ldi r18,0
 612 0048 30E0      		ldi r19,0
 613               	.L34:
 614 004a 3887      		std Y+8,r19
 615 004c 2F83      		std Y+7,r18
 616               	/* epilogue start */
 617 004e DF91      		pop r29
 618 0050 CF91      		pop r28
 619 0052 0895      		ret
 621               		.section	.text._ZN3Twi8sendDataEhNS_9OperationEhPhh,"ax",@progbits
 622               	.global	_ZN3Twi8sendDataEhNS_9OperationEhPhh
 624               	_ZN3Twi8sendDataEhNS_9OperationEhPhh:
 625 0000 AF92      		push r10
 626 0002 BF92      		push r11
 627 0004 CF92      		push r12
 628 0006 DF92      		push r13
 629 0008 EF92      		push r14
 630 000a FF92      		push r15
 631 000c 0F93      		push r16
 632 000e 1F93      		push r17
 633 0010 CF93      		push r28
 634 0012 DF93      		push r29
 635               	/* prologue: function */
 636               	/* frame size = 0 */
 637               	/* stack size = 10 */
 638               	.L__stack_usage = 10
 639 0014 C82F      		mov r28,r24
 640 0016 D92F      		mov r29,r25
 641 0018 A62E      		mov r10,r22
 642 001a F42E      		mov r15,r20
 643 001c B22E      		mov r11,r18
 644 001e C02E      		mov r12,r16
 645 0020 D12E      		mov r13,r17
 646 0022 1C81      		ldd r17,Y+4
 647 0024 1695      		lsr r17
 648 0026 1170      		andi r17,1
 649 0028 1123      		tst r17
 650 002a 01F4      		brne .+2
 651 002c 00C0      		rjmp .L51
 652 002e EE20      		tst r14
 653 0030 01F0      		breq .L42
 654 0032 C114      		cp r12,__zero_reg__
 655 0034 D104      		cpc r13,__zero_reg__
 656 0036 01F4      		brne .+2
GAS LISTING C:\Users\ANDRLU~1\AppData\Local\Temp\ccTKBgvk.s 			page 12


 657 0038 00C0      		rjmp .L52
 658               	.L42:
 659 003a CE01      		movw r24,r28
 660 003c 0E94 0000 		call _ZN3Twi16_waitWhileIsBusyEv
 661 0040 182F      		mov r17,r24
 662 0042 8823      		tst r24
 663 0044 01F0      		breq .L39
 664 0046 F110      		cpse r15,__zero_reg__
 665 0048 00C0      		rjmp .L43
 666 004a E989      		ldd r30,Y+17
 667 004c FA89      		ldd r31,Y+18
 668 004e 6A2D      		mov r22,r10
 669 0050 660F      		lsl r22
 670 0052 6083      		st Z,r22
 671 0054 E989      		ldd r30,Y+17
 672 0056 FA89      		ldd r31,Y+18
 673 0058 B182      		std Z+1,r11
 674 005a EE20      		tst r14
 675 005c 01F0      		breq .L44
 676 005e A601      		movw r20,r12
 677 0060 4E0D      		add r20,r14
 678 0062 511D      		adc r21,__zero_reg__
 679 0064 F601      		movw r30,r12
 680 0066 22E0      		ldi r18,lo8(2)
 681 0068 30E0      		ldi r19,0
 682 006a 2C19      		sub r18,r12
 683 006c 3D09      		sbc r19,r13
 684               	.L45:
 685 006e C901      		movw r24,r18
 686 0070 8E0F      		add r24,r30
 687 0072 9F1F      		adc r25,r31
 688 0074 A989      		ldd r26,Y+17
 689 0076 BA89      		ldd r27,Y+18
 690 0078 A80F      		add r26,r24
 691 007a B91F      		adc r27,r25
 692 007c 8191      		ld r24,Z+
 693 007e 8C93      		st X,r24
 694 0080 E417      		cp r30,r20
 695 0082 F507      		cpc r31,r21
 696 0084 01F4      		brne .L45
 697               	.L44:
 698 0086 92E0      		ldi r25,lo8(2)
 699 0088 9E0D      		add r25,r14
 700 008a 8B85      		ldd r24,Y+11
 701 008c E0FA      		bst r14,0
 702 008e 87F9      		bld r24,7
 703 0090 8B87      		std Y+11,r24
 704 0092 9695      		lsr r25
 705 0094 9F73      		andi r25,lo8(63)
 706 0096 8C85      		ldd r24,Y+12
 707 0098 807C      		andi r24,lo8(-64)
 708 009a 892B      		or r24,r25
 709 009c 8C87      		std Y+12,r24
 710 009e CE01      		movw r24,r28
 711 00a0 0E94 0000 		call _ZN3Twi17_startTrasmissionEv
 712               	.L46:
 713 00a4 1886      		std Y+8,__zero_reg__
GAS LISTING C:\Users\ANDRLU~1\AppData\Local\Temp\ccTKBgvk.s 			page 13


 714 00a6 1F82      		std Y+7,__zero_reg__
 715 00a8 00C0      		rjmp .L39
 716               	.L51:
 717 00aa 84E0      		ldi r24,lo8(4)
 718 00ac 90E0      		ldi r25,0
 719 00ae 9887      		std Y+8,r25
 720 00b0 8F83      		std Y+7,r24
 721               	.L39:
 722 00b2 812F      		mov r24,r17
 723               	/* epilogue start */
 724 00b4 DF91      		pop r29
 725 00b6 CF91      		pop r28
 726 00b8 1F91      		pop r17
 727 00ba 0F91      		pop r16
 728 00bc FF90      		pop r15
 729 00be EF90      		pop r14
 730 00c0 DF90      		pop r13
 731 00c2 CF90      		pop r12
 732 00c4 BF90      		pop r11
 733 00c6 AF90      		pop r10
 734 00c8 0895      		ret
 735               	.L52:
 736 00ca 81E1      		ldi r24,lo8(17)
 737 00cc 90E0      		ldi r25,0
 738 00ce 9887      		std Y+8,r25
 739 00d0 8F83      		std Y+7,r24
 740 00d2 10E0      		ldi r17,0
 741 00d4 00C0      		rjmp .L39
 742               	.L43:
 743 00d6 E989      		ldd r30,Y+17
 744 00d8 FA89      		ldd r31,Y+18
 745 00da 8A2D      		mov r24,r10
 746 00dc 880F      		lsl r24
 747 00de 8083      		st Z,r24
 748 00e0 E989      		ldd r30,Y+17
 749 00e2 FA89      		ldd r31,Y+18
 750 00e4 B182      		std Z+1,r11
 751 00e6 8B85      		ldd r24,Y+11
 752 00e8 8F77      		andi r24,lo8(127)
 753 00ea 8B87      		std Y+11,r24
 754 00ec 8C85      		ldd r24,Y+12
 755 00ee 807C      		andi r24,lo8(-64)
 756 00f0 8160      		ori r24,lo8(1)
 757 00f2 8C87      		std Y+12,r24
 758 00f4 CE01      		movw r24,r28
 759 00f6 0E94 0000 		call _ZN3Twi17_startTrasmissionEv
 760 00fa CE01      		movw r24,r28
 761 00fc 0E94 0000 		call _ZN3Twi16_waitWhileIsBusyEv
 762 0100 8111      		cpse r24,__zero_reg__
 763 0102 00C0      		rjmp .L53
 764 0104 182F      		mov r17,r24
 765 0106 00C0      		rjmp .L39
 766               	.L53:
 767 0108 E989      		ldd r30,Y+17
 768 010a FA89      		ldd r31,Y+18
 769 010c 6A2D      		mov r22,r10
 770 010e 660F      		lsl r22
GAS LISTING C:\Users\ANDRLU~1\AppData\Local\Temp\ccTKBgvk.s 			page 14


 771 0110 6160      		ori r22,lo8(1)
 772 0112 6083      		st Z,r22
 773 0114 9B85      		ldd r25,Y+11
 774 0116 81E0      		ldi r24,lo8(1)
 775 0118 8E0D      		add r24,r14
 776 011a 80FB      		bst r24,0
 777 011c 97F9      		bld r25,7
 778 011e 9B87      		std Y+11,r25
 779 0120 8695      		lsr r24
 780 0122 8F73      		andi r24,lo8(63)
 781 0124 9C85      		ldd r25,Y+12
 782 0126 907C      		andi r25,lo8(-64)
 783 0128 892B      		or r24,r25
 784 012a 8C87      		std Y+12,r24
 785 012c CE01      		movw r24,r28
 786 012e 0E94 0000 		call _ZN3Twi17_startTrasmissionEv
 787 0132 CE01      		movw r24,r28
 788 0134 0E94 0000 		call _ZN3Twi16_waitWhileIsBusyEv
 789 0138 8111      		cpse r24,__zero_reg__
 790 013a 00C0      		rjmp .L54
 791 013c 182F      		mov r17,r24
 792 013e 00C0      		rjmp .L39
 793               	.L54:
 794 0140 4E2D      		mov r20,r14
 795 0142 B601      		movw r22,r12
 796 0144 CE01      		movw r24,r28
 797 0146 0E94 0000 		call _ZN3Twi15_readFromBufferEPhh
 798 014a 8111      		cpse r24,__zero_reg__
 799 014c 00C0      		rjmp .L46
 800 014e 182F      		mov r17,r24
 801 0150 00C0      		rjmp .L39
 803               		.section	.text._ZN3Twi7readRegEhPhj,"ax",@progbits
 804               	.global	_ZN3Twi7readRegEhPhj
 806               	_ZN3Twi7readRegEhPhj:
 807 0000 EF92      		push r14
 808 0002 0F93      		push r16
 809 0004 1F93      		push r17
 810 0006 CF93      		push r28
 811 0008 DF93      		push r29
 812               	/* prologue: function */
 813               	/* frame size = 0 */
 814               	/* stack size = 5 */
 815               	.L__stack_usage = 5
 816 000a C82F      		mov r28,r24
 817 000c D92F      		mov r29,r25
 818 000e 962F      		mov r25,r22
 819 0010 8C81      		ldd r24,Y+4
 820 0012 8170      		andi r24,1
 821 0014 8111      		cpse r24,__zero_reg__
 822 0016 00C0      		rjmp .L56
 823 0018 21E4      		ldi r18,lo8(65)
 824 001a 30E0      		ldi r19,0
 825 001c 3887      		std Y+8,r19
 826 001e 2F83      		std Y+7,r18
 827               	.L55:
 828               	/* epilogue start */
 829 0020 DF91      		pop r29
GAS LISTING C:\Users\ANDRLU~1\AppData\Local\Temp\ccTKBgvk.s 			page 15


 830 0022 CF91      		pop r28
 831 0024 1F91      		pop r17
 832 0026 0F91      		pop r16
 833 0028 EF90      		pop r14
 834 002a 0895      		ret
 835               	.L56:
 836 002c 8D85      		ldd r24,Y+13
 837 002e 8295      		swap r24
 838 0030 8695      		lsr r24
 839 0032 8770      		andi r24,lo8(7)
 840 0034 6E85      		ldd r22,Y+14
 841 0036 660F      		lsl r22
 842 0038 660F      		lsl r22
 843 003a 660F      		lsl r22
 844 003c 682B      		or r22,r24
 845 003e E22E      		mov r14,r18
 846 0040 042F      		mov r16,r20
 847 0042 152F      		mov r17,r21
 848 0044 292F      		mov r18,r25
 849 0046 41E0      		ldi r20,lo8(1)
 850 0048 CE01      		movw r24,r28
 851 004a 0E94 0000 		call _ZN3Twi8sendDataEhNS_9OperationEhPhh
 852 004e 8823      		tst r24
 853 0050 01F0      		breq .L55
 854 0052 1886      		std Y+8,__zero_reg__
 855 0054 1F82      		std Y+7,__zero_reg__
 856 0056 00C0      		rjmp .L55
 858               		.section	.text._ZN3Twi8writeRegEhPKhj,"ax",@progbits
 859               	.global	_ZN3Twi8writeRegEhPKhj
 861               	_ZN3Twi8writeRegEhPKhj:
 862 0000 EF92      		push r14
 863 0002 0F93      		push r16
 864 0004 1F93      		push r17
 865 0006 CF93      		push r28
 866 0008 DF93      		push r29
 867               	/* prologue: function */
 868               	/* frame size = 0 */
 869               	/* stack size = 5 */
 870               	.L__stack_usage = 5
 871 000a C82F      		mov r28,r24
 872 000c D92F      		mov r29,r25
 873 000e 962F      		mov r25,r22
 874 0010 8C81      		ldd r24,Y+4
 875 0012 8170      		andi r24,1
 876 0014 8111      		cpse r24,__zero_reg__
 877 0016 00C0      		rjmp .L59
 878 0018 21E4      		ldi r18,lo8(65)
 879 001a 30E0      		ldi r19,0
 880 001c 3887      		std Y+8,r19
 881 001e 2F83      		std Y+7,r18
 882               	.L58:
 883               	/* epilogue start */
 884 0020 DF91      		pop r29
 885 0022 CF91      		pop r28
 886 0024 1F91      		pop r17
 887 0026 0F91      		pop r16
 888 0028 EF90      		pop r14
GAS LISTING C:\Users\ANDRLU~1\AppData\Local\Temp\ccTKBgvk.s 			page 16


 889 002a 0895      		ret
 890               	.L59:
 891 002c 8D85      		ldd r24,Y+13
 892 002e 8295      		swap r24
 893 0030 8695      		lsr r24
 894 0032 8770      		andi r24,lo8(7)
 895 0034 6E85      		ldd r22,Y+14
 896 0036 660F      		lsl r22
 897 0038 660F      		lsl r22
 898 003a 660F      		lsl r22
 899 003c 682B      		or r22,r24
 900 003e E22E      		mov r14,r18
 901 0040 042F      		mov r16,r20
 902 0042 152F      		mov r17,r21
 903 0044 292F      		mov r18,r25
 904 0046 40E0      		ldi r20,0
 905 0048 CE01      		movw r24,r28
 906 004a 0E94 0000 		call _ZN3Twi8sendDataEhNS_9OperationEhPhh
 907 004e 8823      		tst r24
 908 0050 01F0      		breq .L58
 909 0052 1886      		std Y+8,__zero_reg__
 910 0054 1F82      		std Y+7,__zero_reg__
 911 0056 00C0      		rjmp .L58
 913               		.section	.text._ZN3Twi16interruptHandlerEv,"ax",@progbits
 914               	.global	_ZN3Twi16interruptHandlerEv
 916               	_ZN3Twi16interruptHandlerEv:
 917               	/* prologue: function */
 918               	/* frame size = 0 */
 919               	/* stack size = 0 */
 920               	.L__stack_usage = 0
 921 0000 E82F      		mov r30,r24
 922 0002 F92F      		mov r31,r25
 923 0004 8091 B900 		lds r24,185
 924 0008 8C7F      		andi r24,lo8(-4)
 925 000a 8833      		cpi r24,lo8(56)
 926 000c 01F4      		brne .+2
 927 000e 00C0      		rjmp .L62
 928 0010 00F0      		brlo .L74
 929 0012 8035      		cpi r24,lo8(80)
 930 0014 01F4      		brne .+2
 931 0016 00C0      		rjmp .L68
 932 0018 8835      		cpi r24,lo8(88)
 933 001a 01F4      		brne .L75
 934 001c 8091 BB00 		lds r24,187
 935 0020 9091 0000 		lds r25,_ZZN3Twi16interruptHandlerEvE16twiBufferPointer
 936 0024 A189      		ldd r26,Z+17
 937 0026 B289      		ldd r27,Z+18
 938 0028 A90F      		add r26,r25
 939 002a B11D      		adc r27,__zero_reg__
 940 002c 8C93      		st X,r24
 941 002e 8481      		ldd r24,Z+4
 942 0030 8460      		ori r24,lo8(1<<2)
 943 0032 8483      		std Z+4,r24
 944 0034 84E9      		ldi r24,lo8(-108)
 945 0036 8093 BC00 		sts 188,r24
 946 003a 0895      		ret
 947               	.L74:
GAS LISTING C:\Users\ANDRLU~1\AppData\Local\Temp\ccTKBgvk.s 			page 17


 948 003c 8831      		cpi r24,lo8(24)
 949 003e 01F0      		breq .L64
 950 0040 00F0      		brlo .L76
 951 0042 8832      		cpi r24,lo8(40)
 952 0044 01F0      		breq .+2
 953 0046 00C0      		rjmp .L67
 954               	.L64:
 955 0048 2091 0000 		lds r18,_ZZN3Twi16interruptHandlerEvE16twiBufferPointer
 956 004c 9385      		ldd r25,Z+11
 957 004e 991F      		rol r25
 958 0050 9927      		clr r25
 959 0052 991F      		rol r25
 960 0054 8485      		ldd r24,Z+12
 961 0056 8F73      		andi r24,lo8(63)
 962 0058 880F      		lsl r24
 963 005a 892B      		or r24,r25
 964 005c 2817      		cp r18,r24
 965 005e 00F4      		brsh .L71
 966 0060 0188      		ldd __tmp_reg__,Z+17
 967 0062 F289      		ldd r31,Z+18
 968 0064 E02D      		mov r30,__tmp_reg__
 969 0066 81E0      		ldi r24,lo8(1)
 970 0068 820F      		add r24,r18
 971 006a 8093 0000 		sts _ZZN3Twi16interruptHandlerEvE16twiBufferPointer,r24
 972 006e E20F      		add r30,r18
 973 0070 F11D      		adc r31,__zero_reg__
 974 0072 8081      		ld r24,Z
 975 0074 8093 BB00 		sts 187,r24
 976 0078 85E8      		ldi r24,lo8(-123)
 977 007a 8093 BC00 		sts 188,r24
 978 007e 0895      		ret
 979               	.L76:
 980 0080 8830      		cpi r24,lo8(8)
 981 0082 01F0      		breq .L66
 982 0084 8031      		cpi r24,lo8(16)
 983 0086 01F4      		brne .L67
 984               	.L66:
 985 0088 1092 0000 		sts _ZZN3Twi16interruptHandlerEvE16twiBufferPointer,__zero_reg__
 986 008c 00C0      		rjmp .L64
 987               	.L75:
 988 008e 8034      		cpi r24,lo8(64)
 989 0090 01F4      		brne .L67
 990               	.L70:
 991 0092 2091 0000 		lds r18,_ZZN3Twi16interruptHandlerEvE16twiBufferPointer
 992 0096 30E0      		ldi r19,0
 993 0098 9385      		ldd r25,Z+11
 994 009a 991F      		rol r25
 995 009c 9927      		clr r25
 996 009e 991F      		rol r25
 997 00a0 8485      		ldd r24,Z+12
 998 00a2 8F73      		andi r24,lo8(63)
 999 00a4 880F      		lsl r24
 1000 00a6 892B      		or r24,r25
 1001 00a8 8150      		subi r24,1
 1002 00aa 990B      		sbc r25,r25
 1003 00ac 2817      		cp r18,r24
 1004 00ae 3907      		cpc r19,r25
GAS LISTING C:\Users\ANDRLU~1\AppData\Local\Temp\ccTKBgvk.s 			page 18


 1005 00b0 04F4      		brge .L73
 1006 00b2 85EC      		ldi r24,lo8(-59)
 1007 00b4 8093 BC00 		sts 188,r24
 1008 00b8 0895      		ret
 1009               	.L71:
 1010 00ba 8481      		ldd r24,Z+4
 1011 00bc 8460      		ori r24,lo8(1<<2)
 1012 00be 8483      		std Z+4,r24
 1013 00c0 84E9      		ldi r24,lo8(-108)
 1014 00c2 8093 BC00 		sts 188,r24
 1015 00c6 0895      		ret
 1016               	.L68:
 1017 00c8 9091 BB00 		lds r25,187
 1018 00cc A189      		ldd r26,Z+17
 1019 00ce B289      		ldd r27,Z+18
 1020 00d0 8091 0000 		lds r24,_ZZN3Twi16interruptHandlerEvE16twiBufferPointer
 1021 00d4 21E0      		ldi r18,lo8(1)
 1022 00d6 280F      		add r18,r24
 1023 00d8 2093 0000 		sts _ZZN3Twi16interruptHandlerEvE16twiBufferPointer,r18
 1024 00dc A80F      		add r26,r24
 1025 00de B11D      		adc r27,__zero_reg__
 1026 00e0 9C93      		st X,r25
 1027 00e2 00C0      		rjmp .L70
 1028               	.L73:
 1029 00e4 85E8      		ldi r24,lo8(-123)
 1030 00e6 8093 BC00 		sts 188,r24
 1031 00ea 0895      		ret
 1032               	.L62:
 1033 00ec 85EA      		ldi r24,lo8(-91)
 1034 00ee 8093 BC00 		sts 188,r24
 1035 00f2 0895      		ret
 1036               	.L67:
 1037 00f4 8091 B900 		lds r24,185
 1038 00f8 8583      		std Z+5,r24
 1039 00fa 84E0      		ldi r24,lo8(4)
 1040 00fc 8093 BC00 		sts 188,r24
 1041               	/* epilogue start */
 1042 0100 0895      		ret
 1044               		.section	.text.__vector_24,"ax",@progbits
 1045               	.global	__vector_24
 1047               	__vector_24:
 1048 0000 1F92      		push r1
 1049 0002 0F92      		push r0
 1050 0004 0FB6      		in r0,__SREG__
 1051 0006 0F92      		push r0
 1052 0008 1124      		clr __zero_reg__
 1053 000a 2F93      		push r18
 1054 000c 3F93      		push r19
 1055 000e 4F93      		push r20
 1056 0010 5F93      		push r21
 1057 0012 6F93      		push r22
 1058 0014 7F93      		push r23
 1059 0016 8F93      		push r24
 1060 0018 9F93      		push r25
 1061 001a AF93      		push r26
 1062 001c BF93      		push r27
 1063 001e EF93      		push r30
GAS LISTING C:\Users\ANDRLU~1\AppData\Local\Temp\ccTKBgvk.s 			page 19


 1064 0020 FF93      		push r31
 1065               	/* prologue: Signal */
 1066               	/* frame size = 0 */
 1067               	/* stack size = 15 */
 1068               	.L__stack_usage = 15
 1069 0022 80E0      		ldi r24,lo8(twi)
 1070 0024 90E0      		ldi r25,hi8(twi)
 1071 0026 0E94 0000 		call _ZN3Twi16interruptHandlerEv
 1072               	/* epilogue start */
 1073 002a FF91      		pop r31
 1074 002c EF91      		pop r30
 1075 002e BF91      		pop r27
 1076 0030 AF91      		pop r26
 1077 0032 9F91      		pop r25
 1078 0034 8F91      		pop r24
 1079 0036 7F91      		pop r23
 1080 0038 6F91      		pop r22
 1081 003a 5F91      		pop r21
 1082 003c 4F91      		pop r20
 1083 003e 3F91      		pop r19
 1084 0040 2F91      		pop r18
 1085 0042 0F90      		pop r0
 1086 0044 0FBE      		out __SREG__,r0
 1087 0046 0F90      		pop r0
 1088 0048 1F90      		pop r1
 1089 004a 1895      		reti
 1091               		.section	.text._GLOBAL__sub_I_twi,"ax",@progbits
 1093               	_GLOBAL__sub_I_twi:
 1094               	/* prologue: function */
 1095               	/* frame size = 0 */
 1096               	/* stack size = 0 */
 1097               	.L__stack_usage = 0
 1098 0000 80E0      		ldi r24,lo8(twi)
 1099 0002 90E0      		ldi r25,hi8(twi)
 1100 0004 0E94 0000 		call _ZN3TwiC1Ev
 1101               	/* epilogue start */
 1102 0008 0895      		ret
 1104               		.global __do_global_ctors
 1105               		.section .ctors,"a",@progbits
 1106               		.p2align	1
 1107 0000 0000      		.word	gs(_GLOBAL__sub_I_twi)
 1108               		.weak	_ZTV3Twi
 1109               		.section	.rodata._ZTV3Twi,"aG",@progbits,_ZTV3Twi,comdat
 1112               	_ZTV3Twi:
 1113 0000 0000      		.word	0
 1114 0002 0000      		.word	0
 1115 0004 0000      		.word	gs(_ZN3Twi7readRegEhPhj)
 1116 0006 0000      		.word	gs(_ZN3Bus8sendDataEPhj)
 1117 0008 0000      		.word	gs(_ZN3Bus8sendDataEPKhPhj)
 1118 000a 0000      		.word	gs(_ZN3Twi8writeRegEhPKhj)
 1119 000c 0000      		.word	gs(_ZN3Twi9setDeviceEjb)
 1120 000e 0000      		.word	gs(_ZN3Bus9setDeviceEPFvvES1_)
 1121 0010 0000      		.word	gs(_ZN3Twi10getBusTypeEv)
 1122 0012 0000      		.word	gs(_ZN3Twi12getLastErrorEv)
 1123               		.section	.bss._ZZN3Twi16interruptHandlerEvE16twiBufferPointer,"aw",@nobits
 1126               	_ZZN3Twi16interruptHandlerEvE16twiBufferPointer:
 1127 0000 00        		.zero	1
GAS LISTING C:\Users\ANDRLU~1\AppData\Local\Temp\ccTKBgvk.s 			page 20


 1128               	.global	twi
 1129               		.section	.bss.twi,"aw",@nobits
 1132               	twi:
 1133 0000 0000 0000 		.zero	19
 1133      0000 0000 
 1133      0000 0000 
 1133      0000 0000 
 1133      0000 00
 1134               		.ident	"GCC: (GNU) 12.1.0"
 1135               	.global __do_copy_data
 1136               	.global __do_clear_bss
GAS LISTING C:\Users\ANDRLU~1\AppData\Local\Temp\ccTKBgvk.s 			page 21


DEFINED SYMBOLS
                            *ABS*:0000000000000000 twi.cpp
C:\Users\ANDRLU~1\AppData\Local\Temp\ccTKBgvk.s:2      *ABS*:000000000000003e __SP_H__
C:\Users\ANDRLU~1\AppData\Local\Temp\ccTKBgvk.s:3      *ABS*:000000000000003d __SP_L__
C:\Users\ANDRLU~1\AppData\Local\Temp\ccTKBgvk.s:4      *ABS*:000000000000003f __SREG__
C:\Users\ANDRLU~1\AppData\Local\Temp\ccTKBgvk.s:5      *ABS*:0000000000000000 __tmp_reg__
C:\Users\ANDRLU~1\AppData\Local\Temp\ccTKBgvk.s:6      *ABS*:0000000000000001 __zero_reg__
C:\Users\ANDRLU~1\AppData\Local\Temp\ccTKBgvk.s:11     .text._ZN3Bus8sendDataEPhj:0000000000000000 _ZN3Bus8sendDataEPhj
C:\Users\ANDRLU~1\AppData\Local\Temp\ccTKBgvk.s:28     .text._ZN3Bus8sendDataEPKhPhj:0000000000000000 _ZN3Bus8sendDataEPKhPhj
C:\Users\ANDRLU~1\AppData\Local\Temp\ccTKBgvk.s:45     .text._ZN3Bus9setDeviceEPFvvES1_:0000000000000000 _ZN3Bus9setDeviceEPFvvES1_
C:\Users\ANDRLU~1\AppData\Local\Temp\ccTKBgvk.s:62     .text._ZN3Twi9setDeviceEjb:0000000000000000 _ZN3Twi9setDeviceEjb
C:\Users\ANDRLU~1\AppData\Local\Temp\ccTKBgvk.s:105    .text._ZN3Twi10getBusTypeEv:0000000000000000 _ZN3Twi10getBusTypeEv
C:\Users\ANDRLU~1\AppData\Local\Temp\ccTKBgvk.s:118    .text._ZN3Twi12getLastErrorEv:0000000000000000 _ZN3Twi12getLastErrorEv
C:\Users\ANDRLU~1\AppData\Local\Temp\ccTKBgvk.s:132    .text._Z7getTickv:0000000000000000 _Z7getTickv
C:\Users\ANDRLU~1\AppData\Local\Temp\ccTKBgvk.s:146    .text._ZN3TwiC2Ev:0000000000000000 _ZN3TwiC2Ev
C:\Users\ANDRLU~1\AppData\Local\Temp\ccTKBgvk.s:1112   .rodata._ZTV3Twi:0000000000000000 _ZTV3Twi
C:\Users\ANDRLU~1\AppData\Local\Temp\ccTKBgvk.s:146    .text._ZN3TwiC2Ev:0000000000000000 _ZN3TwiC1Ev
C:\Users\ANDRLU~1\AppData\Local\Temp\ccTKBgvk.s:182    .text._ZN3TwiD2Ev:0000000000000000 _ZN3TwiD2Ev
C:\Users\ANDRLU~1\AppData\Local\Temp\ccTKBgvk.s:182    .text._ZN3TwiD2Ev:0000000000000000 _ZN3TwiD1Ev
C:\Users\ANDRLU~1\AppData\Local\Temp\ccTKBgvk.s:195    .text._ZN3Twi4initEmh:0000000000000000 _ZN3Twi4initEmh
C:\Users\ANDRLU~1\AppData\Local\Temp\ccTKBgvk.s:203    .text._ZN3Twi4initEmh:0000000000000010 L0
C:\Users\ANDRLU~1\AppData\Local\Temp\ccTKBgvk.s:204    .text._ZN3Twi4initEmh:0000000000000012 L0
C:\Users\ANDRLU~1\AppData\Local\Temp\ccTKBgvk.s:205    .text._ZN3Twi4initEmh:0000000000000014 L0
C:\Users\ANDRLU~1\AppData\Local\Temp\ccTKBgvk.s:235    .text._ZN3Twi4initEmh:0000000000000050 L0
C:\Users\ANDRLU~1\AppData\Local\Temp\ccTKBgvk.s:244    .text._ZN3Twi4initEmh:0000000000000062 L0
C:\Users\ANDRLU~1\AppData\Local\Temp\ccTKBgvk.s:247    .text._ZN3Twi4initEmh:0000000000000068 L0
C:\Users\ANDRLU~1\AppData\Local\Temp\ccTKBgvk.s:250    .text._ZN3Twi4initEmh:000000000000006e L0
C:\Users\ANDRLU~1\AppData\Local\Temp\ccTKBgvk.s:273    .text._ZN3Twi4initEmh:000000000000009e L0
C:\Users\ANDRLU~1\AppData\Local\Temp\ccTKBgvk.s:429    .text._ZN3Twi10setTimeoutEj:0000000000000000 _ZN3Twi10setTimeoutEj
C:\Users\ANDRLU~1\AppData\Local\Temp\ccTKBgvk.s:447    .text._ZN3Twi16_waitWhileIsBusyEv:0000000000000000 _ZN3Twi16_waitWhileIsBusyEv
C:\Users\ANDRLU~1\AppData\Local\Temp\ccTKBgvk.s:456    .text._ZN3Twi16_waitWhileIsBusyEv:0000000000000012 L0
C:\Users\ANDRLU~1\AppData\Local\Temp\ccTKBgvk.s:457    .text._ZN3Twi16_waitWhileIsBusyEv:0000000000000014 L0
C:\Users\ANDRLU~1\AppData\Local\Temp\ccTKBgvk.s:544    .text._ZN3Twi17_startTrasmissionEv:0000000000000000 _ZN3Twi17_startTrasmissionEv
C:\Users\ANDRLU~1\AppData\Local\Temp\ccTKBgvk.s:569    .text._ZN3Twi15_readFromBufferEPhh:0000000000000000 _ZN3Twi15_readFromBufferEPhh
C:\Users\ANDRLU~1\AppData\Local\Temp\ccTKBgvk.s:624    .text._ZN3Twi8sendDataEhNS_9OperationEhPhh:0000000000000000 _ZN3Twi8sendDataEhNS_9OperationEhPhh
C:\Users\ANDRLU~1\AppData\Local\Temp\ccTKBgvk.s:650    .text._ZN3Twi8sendDataEhNS_9OperationEhPhh:000000000000002c L0
C:\Users\ANDRLU~1\AppData\Local\Temp\ccTKBgvk.s:656    .text._ZN3Twi8sendDataEhNS_9OperationEhPhh:0000000000000038 L0
C:\Users\ANDRLU~1\AppData\Local\Temp\ccTKBgvk.s:806    .text._ZN3Twi7readRegEhPhj:0000000000000000 _ZN3Twi7readRegEhPhj
C:\Users\ANDRLU~1\AppData\Local\Temp\ccTKBgvk.s:861    .text._ZN3Twi8writeRegEhPKhj:0000000000000000 _ZN3Twi8writeRegEhPKhj
C:\Users\ANDRLU~1\AppData\Local\Temp\ccTKBgvk.s:916    .text._ZN3Twi16interruptHandlerEv:0000000000000000 _ZN3Twi16interruptHandlerEv
C:\Users\ANDRLU~1\AppData\Local\Temp\ccTKBgvk.s:926    .text._ZN3Twi16interruptHandlerEv:000000000000000e L0
C:\Users\ANDRLU~1\AppData\Local\Temp\ccTKBgvk.s:930    .text._ZN3Twi16interruptHandlerEv:0000000000000016 L0
C:\Users\ANDRLU~1\AppData\Local\Temp\ccTKBgvk.s:1126   .bss._ZZN3Twi16interruptHandlerEvE16twiBufferPointer:0000000000000000 _ZZN3Twi16interruptHandlerEvE16twiBufferPointer
C:\Users\ANDRLU~1\AppData\Local\Temp\ccTKBgvk.s:952    .text._ZN3Twi16interruptHandlerEv:0000000000000046 L0
C:\Users\ANDRLU~1\AppData\Local\Temp\ccTKBgvk.s:1047   .text.__vector_24:0000000000000000 __vector_24
C:\Users\ANDRLU~1\AppData\Local\Temp\ccTKBgvk.s:1132   .bss.twi:0000000000000000 twi
C:\Users\ANDRLU~1\AppData\Local\Temp\ccTKBgvk.s:1093   .text._GLOBAL__sub_I_twi:0000000000000000 _GLOBAL__sub_I_twi
C:\Users\ANDRLU~1\AppData\Local\Temp\ccTKBgvk.s:381    .text._ZN3Twi4initEmh:0000000000000172 .L17
C:\Users\ANDRLU~1\AppData\Local\Temp\ccTKBgvk.s:405    .text._ZN3Twi4initEmh:000000000000019c .L18
C:\Users\ANDRLU~1\AppData\Local\Temp\ccTKBgvk.s:410    .text._ZN3Twi4initEmh:00000000000001a4 .L19
C:\Users\ANDRLU~1\AppData\Local\Temp\ccTKBgvk.s:415    .text._ZN3Twi4initEmh:00000000000001ac .L20
C:\Users\ANDRLU~1\AppData\Local\Temp\ccTKBgvk.s:259    .text._ZN3Twi4initEmh:0000000000000080 .L12
C:\Users\ANDRLU~1\AppData\Local\Temp\ccTKBgvk.s:420    .text._ZN3Twi4initEmh:00000000000001b4 .L21
C:\Users\ANDRLU~1\AppData\Local\Temp\ccTKBgvk.s:326    .text._ZN3Twi4initEmh:000000000000010c .L13
C:\Users\ANDRLU~1\AppData\Local\Temp\ccTKBgvk.s:385    .text._ZN3Twi4initEmh:0000000000000178 .L11
C:\Users\ANDRLU~1\AppData\Local\Temp\ccTKBgvk.s:343    .text._ZN3Twi4initEmh:000000000000012c .L15
C:\Users\ANDRLU~1\AppData\Local\Temp\ccTKBgvk.s:308    .text._ZN3Twi4initEmh:00000000000000e6 .L14
GAS LISTING C:\Users\ANDRLU~1\AppData\Local\Temp\ccTKBgvk.s 			page 22


C:\Users\ANDRLU~1\AppData\Local\Temp\ccTKBgvk.s:362    .text._ZN3Twi4initEmh:0000000000000150 .L16
C:\Users\ANDRLU~1\AppData\Local\Temp\ccTKBgvk.s:378    .text._ZN3Twi4initEmh:000000000000016e .L22
C:\Users\ANDRLU~1\AppData\Local\Temp\ccTKBgvk.s:498    .text._ZN3Twi16_waitWhileIsBusyEv:000000000000005c .L31
C:\Users\ANDRLU~1\AppData\Local\Temp\ccTKBgvk.s:518    .text._ZN3Twi16_waitWhileIsBusyEv:0000000000000084 .L29
C:\Users\ANDRLU~1\AppData\Local\Temp\ccTKBgvk.s:476    .text._ZN3Twi16_waitWhileIsBusyEv:0000000000000030 .L27
C:\Users\ANDRLU~1\AppData\Local\Temp\ccTKBgvk.s:522    .text._ZN3Twi16_waitWhileIsBusyEv:000000000000008a .L26
C:\Users\ANDRLU~1\AppData\Local\Temp\ccTKBgvk.s:613    .text._ZN3Twi15_readFromBufferEPhh:000000000000004a .L34
C:\Users\ANDRLU~1\AppData\Local\Temp\ccTKBgvk.s:610    .text._ZN3Twi15_readFromBufferEPhh:0000000000000046 .L35
C:\Users\ANDRLU~1\AppData\Local\Temp\ccTKBgvk.s:598    .text._ZN3Twi15_readFromBufferEPhh:0000000000000030 .L36
C:\Users\ANDRLU~1\AppData\Local\Temp\ccTKBgvk.s:716    .text._ZN3Twi8sendDataEhNS_9OperationEhPhh:00000000000000aa .L51
C:\Users\ANDRLU~1\AppData\Local\Temp\ccTKBgvk.s:658    .text._ZN3Twi8sendDataEhNS_9OperationEhPhh:000000000000003a .L42
C:\Users\ANDRLU~1\AppData\Local\Temp\ccTKBgvk.s:735    .text._ZN3Twi8sendDataEhNS_9OperationEhPhh:00000000000000ca .L52
C:\Users\ANDRLU~1\AppData\Local\Temp\ccTKBgvk.s:721    .text._ZN3Twi8sendDataEhNS_9OperationEhPhh:00000000000000b2 .L39
C:\Users\ANDRLU~1\AppData\Local\Temp\ccTKBgvk.s:742    .text._ZN3Twi8sendDataEhNS_9OperationEhPhh:00000000000000d6 .L43
C:\Users\ANDRLU~1\AppData\Local\Temp\ccTKBgvk.s:697    .text._ZN3Twi8sendDataEhNS_9OperationEhPhh:0000000000000086 .L44
C:\Users\ANDRLU~1\AppData\Local\Temp\ccTKBgvk.s:684    .text._ZN3Twi8sendDataEhNS_9OperationEhPhh:000000000000006e .L45
C:\Users\ANDRLU~1\AppData\Local\Temp\ccTKBgvk.s:766    .text._ZN3Twi8sendDataEhNS_9OperationEhPhh:0000000000000108 .L53
C:\Users\ANDRLU~1\AppData\Local\Temp\ccTKBgvk.s:793    .text._ZN3Twi8sendDataEhNS_9OperationEhPhh:0000000000000140 .L54
C:\Users\ANDRLU~1\AppData\Local\Temp\ccTKBgvk.s:712    .text._ZN3Twi8sendDataEhNS_9OperationEhPhh:00000000000000a4 .L46
C:\Users\ANDRLU~1\AppData\Local\Temp\ccTKBgvk.s:835    .text._ZN3Twi7readRegEhPhj:000000000000002c .L56
C:\Users\ANDRLU~1\AppData\Local\Temp\ccTKBgvk.s:827    .text._ZN3Twi7readRegEhPhj:0000000000000020 .L55
C:\Users\ANDRLU~1\AppData\Local\Temp\ccTKBgvk.s:890    .text._ZN3Twi8writeRegEhPKhj:000000000000002c .L59
C:\Users\ANDRLU~1\AppData\Local\Temp\ccTKBgvk.s:882    .text._ZN3Twi8writeRegEhPKhj:0000000000000020 .L58
C:\Users\ANDRLU~1\AppData\Local\Temp\ccTKBgvk.s:1032   .text._ZN3Twi16interruptHandlerEv:00000000000000ec .L62
C:\Users\ANDRLU~1\AppData\Local\Temp\ccTKBgvk.s:947    .text._ZN3Twi16interruptHandlerEv:000000000000003c .L74
C:\Users\ANDRLU~1\AppData\Local\Temp\ccTKBgvk.s:1016   .text._ZN3Twi16interruptHandlerEv:00000000000000c8 .L68
C:\Users\ANDRLU~1\AppData\Local\Temp\ccTKBgvk.s:987    .text._ZN3Twi16interruptHandlerEv:000000000000008e .L75
C:\Users\ANDRLU~1\AppData\Local\Temp\ccTKBgvk.s:954    .text._ZN3Twi16interruptHandlerEv:0000000000000048 .L64
C:\Users\ANDRLU~1\AppData\Local\Temp\ccTKBgvk.s:979    .text._ZN3Twi16interruptHandlerEv:0000000000000080 .L76
C:\Users\ANDRLU~1\AppData\Local\Temp\ccTKBgvk.s:1036   .text._ZN3Twi16interruptHandlerEv:00000000000000f4 .L67
C:\Users\ANDRLU~1\AppData\Local\Temp\ccTKBgvk.s:1009   .text._ZN3Twi16interruptHandlerEv:00000000000000ba .L71
C:\Users\ANDRLU~1\AppData\Local\Temp\ccTKBgvk.s:984    .text._ZN3Twi16interruptHandlerEv:0000000000000088 .L66
C:\Users\ANDRLU~1\AppData\Local\Temp\ccTKBgvk.s:1028   .text._ZN3Twi16interruptHandlerEv:00000000000000e4 .L73
C:\Users\ANDRLU~1\AppData\Local\Temp\ccTKBgvk.s:990    .text._ZN3Twi16interruptHandlerEv:0000000000000092 .L70

UNDEFINED SYMBOLS
free
calloc
systemStatus
_ZN12SystemStatus11getCpuClockEv
__udivmodsi4
_ZN12SystemStatus13readStopwatchEv
__do_global_ctors
__do_copy_data
__do_clear_bss
